CS240: lab4. cs240 Mon Feb 16 10:16:28 EST 2015  Total:  21 of 112

CS240: lab4. cs240 Mon Feb 16 10:16:57 EST 2015  Total:  33 of 112

CS240: lab4. cs240 Mon Feb 16 10:17:48 EST 2015  Total:  33 of 112

CS240: lab4. cs240 Mon Feb 16 10:17:55 EST 2015  Total:  33 of 112

CS240: lab4. cs240 Mon Feb 16 11:08:32 EST 2015  Total:  36 of 115

CS240: lab4. owner Mon, Feb 16, 2015 8:34:34 PM  Total:  0 of 72

CS240: lab4. owner Mon, Feb 16, 2015 8:37:29 PM  Total:  72 of 72

CS240: lab4. cs240 Mon Feb 16 21:18:26 EST 2015  Total:  9 of 72

CS240: lab4. cs240 Mon Feb 16 21:22:59 EST 2015  Total:  9 of 72

CS240: lab4. hughe127 Tue Feb 17 11:46:21 EST 2015  Total:  24 of 72

CS240: lab4. hughe127 Tue Feb 17 11:48:23 EST 2015  Total:  7 of 72

CS240: lab4. hughe127 Tue Feb 17 11:48:42 EST 2015  Total:  4 of 72

CS240: lab4. hughe127 Tue Feb 17 11:49:17 EST 2015  Total:  7 of 72

CS240: lab4. hughe127 Tue Feb 17 11:49:42 EST 2015  Total:  27 of 72

CS240: lab4. hughe127 Tue Feb 17 11:55:06 EST 2015  Total:  10 of 72

CS240: lab4. hughe127 Tue Feb 17 11:57:42 EST 2015  Total:  10 of 72

CS240: lab4. hughe127 Tue Feb 17 12:02:25 EST 2015  Total:  10 of 72

CS240: lab4. hughe127 Tue Feb 17 12:04:15 EST 2015  Total:  30 of 72

CS240: lab4. hughe127 Tue Feb 17 12:08:32 EST 2015  Total:  30 of 72

CS240: lab4. hughe127 Tue Feb 17 12:10:00 EST 2015  Total:  30 of 72

CS240: lab4. hughe127 Tue Feb 17 12:16:00 EST 2015  Total:  30 of 72

CS240: lab4. hughe127 Tue Feb 17 12:16:11 EST 2015  Total:  30 of 72

CS240: lab4. hughe127 Tue Feb 17 12:16:32 EST 2015  Total:  30 of 72

CS240: lab4. hughe127 Tue Feb 17 12:16:38 EST 2015  Total:  30 of 72

CS240: lab4. hughe127 Tue Feb 17 12:17:08 EST 2015  Total:  30 of 72

CS240: lab4. hughe127 Tue Feb 17 12:17:23 EST 2015  Total:  30 of 72

CS240: lab4. hughe127 Tue Feb 17 12:18:17 EST 2015  Total:  30 of 72

CS240: lab4. hughe127 Tue Feb 17 12:18:45 EST 2015  Total:  30 of 72

CS240: lab4. hughe127 Tue Feb 17 12:19:33 EST 2015  Total:  30 of 72

CS240: lab4. hughe127 Tue Feb 17 12:19:42 EST 2015  Total:  30 of 72

CS240: lab4. hughe127 Tue Feb 17 12:20:04 EST 2015  Total:  30 of 72

CS240: lab4. hughe127 Tue Feb 17 12:20:29 EST 2015  Total:  30 of 72

CS240: lab4. hughe127 Tue Feb 17 12:20:48 EST 2015  Total:  30 of 72

CS240: lab4. hughe127 Tue Feb 17 12:20:59 EST 2015  Total:  30 of 72

CS240: lab4. hughe127 Tue Feb 17 12:21:04 EST 2015  Total:  30 of 72

CS240: lab4. hughe127 Tue Feb 17 12:22:58 EST 2015  Total:  30 of 72

CS240: lab4. hughe127 Tue Feb 17 12:23:06 EST 2015  Total:  30 of 72

CS240: lab4. hughe127 Tue Feb 17 12:25:31 EST 2015  Total:  30 of 72

CS240: lab4. hughe127 Tue Feb 17 12:25:47 EST 2015  Total:  30 of 72

CS240: lab4. hughe127 Tue Feb 17 12:26:00 EST 2015  Total:  30 of 72

CS240: lab4. hughe127 Tue Feb 17 12:26:07 EST 2015  Total:  30 of 72

CS240: lab4. hughe127 Tue Feb 17 12:30:26 EST 2015  Total:  30 of 72

CS240: lab4. hughe127 Tue Feb 17 12:30:49 EST 2015  Total:  30 of 72

CS240: lab4. hughe127 Tue Feb 17 12:31:48 EST 2015  Total:  33 of 72

CS240: lab4. hughe127 Tue Feb 17 12:36:44 EST 2015  Total:  33 of 72

CS240: lab4. hughe127 Tue Feb 17 12:37:58 EST 2015  Total:  33 of 72

CS240: lab4. hughe127 Tue Feb 17 12:38:36 EST 2015  Total:  33 of 72

CS240: lab4. hughe127 Tue Feb 17 12:38:53 EST 2015  Total:  33 of 72

CS240: lab4. hughe127 Tue Feb 17 12:39:03 EST 2015  Total:  33 of 72

CS240: lab4. hughe127 Tue Feb 17 12:39:29 EST 2015  Total:  33 of 72

CS240: lab4. hughe127 Tue Feb 17 12:39:37 EST 2015  Total:  33 of 72

CS240: lab4. hughe127 Tue Feb 17 12:39:48 EST 2015  Total:  33 of 72

CS240: lab4. hughe127 Tue Feb 17 12:44:04 EST 2015  Total:  33 of 72

CS240: lab4. hughe127 Tue Feb 17 12:47:14 EST 2015  Total:  36 of 72

CS240: lab4. hughe127 Tue Feb 17 12:48:02 EST 2015  Total:  36 of 72

CS240: lab4. hughe127 Tue Feb 17 12:53:02 EST 2015  Total:  36 of 72

CS240: lab4. hughe127 Tue Feb 17 12:57:31 EST 2015  Total:  36 of 72

CS240: lab4. hughe127 Tue Feb 17 12:57:40 EST 2015  Total:  36 of 72

CS240: lab4. hughe127 Tue Feb 17 12:57:46 EST 2015  Total:  36 of 72

CS240: lab4. hughe127 Tue Feb 17 13:08:47 EST 2015  Total:  36 of 72

CS240: lab4. hughe127 Tue Feb 17 13:12:33 EST 2015  Total:  36 of 72

CS240: lab4. hughe127 Tue Feb 17 13:12:40 EST 2015  Total:  36 of 72

CS240: lab4. hughe127 Tue Feb 17 13:13:04 EST 2015  Total:  39 of 72

CS240: lab4. hughe127 Tue Feb 17 13:45:58 EST 2015  Total:  39 of 72

CS240: lab4. hughe127 Tue Feb 17 13:46:38 EST 2015  Total:  39 of 72

CS240: lab4. hughe127 Tue Feb 17 13:47:04 EST 2015  Total:  39 of 72

CS240: lab4. hughe127 Tue Feb 17 13:52:48 EST 2015  Total:  42 of 72

CS240: lab4. hughe127 Tue Feb 17 13:57:10 EST 2015  Total:  42 of 72

CS240: lab4. hughe127 Tue Feb 17 14:09:39 EST 2015  Total:  42 of 72

CS240: lab4. hughe127 Tue Feb 17 14:13:01 EST 2015  Total:  42 of 72

CS240: lab4. hughe127 Wed Feb 18 14:41:46 EST 2015  Total:  45 of 75

CS240: lab4. hughe127 Wed Feb 18 14:42:59 EST 2015  Total:  45 of 75

CS240: lab4. hughe127 Sat Feb 21 17:58:30 EST 2015  Total:  48 of 75

CS240: lab4. hughe127 Sat Feb 21 17:59:45 EST 2015  Total:  48 of 75

CS240: lab4. hughe127 Sat Feb 21 18:45:34 EST 2015  Total:  51 of 75

CS240: lab4. hughe127 Sat Feb 21 18:45:48 EST 2015  Total:  51 of 75

CS240: lab4. hughe127 Sat Feb 21 18:46:54 EST 2015  Total:  51 of 75

CS240: lab4. hughe127 Sat Feb 21 18:52:29 EST 2015  Total:  51 of 75

CS240: lab4. hughe127 Sat Feb 21 18:52:39 EST 2015  Total:  51 of 75

CS240: lab4. hughe127 Sat Feb 21 18:55:35 EST 2015  Total:  51 of 75

CS240: lab4. hughe127 Sat Feb 21 18:55:53 EST 2015  Total:  51 of 75

CS240: lab4. hughe127 Sat Feb 21 18:58:13 EST 2015  Total:  51 of 75

CS240: lab4. hughe127 Sat Feb 21 18:58:22 EST 2015  Total:  51 of 75

CS240: lab4. hughe127 Sat Feb 21 18:58:26 EST 2015  Total:  51 of 75

CS240: lab4. hughe127 Sat Feb 21 19:02:29 EST 2015  Total:  51 of 75

CS240: lab4. hughe127 Sat Feb 21 19:02:39 EST 2015  Total:  51 of 75

CS240: lab4. hughe127 Sat Feb 21 19:03:03 EST 2015  Total:  51 of 75

CS240: lab4. hughe127 Sat Feb 21 19:14:02 EST 2015  Total:  51 of 75

CS240: lab4. hughe127 Mon Feb 23 22:27:19 EST 2015  Total:  51 of 75

CS240: lab4. hughe127 Mon Feb 23 22:28:31 EST 2015  Total:  51 of 75

CS240: lab4. hughe127 Mon Feb 23 22:33:58 EST 2015  Total:  51 of 75

CS240: lab4. hughe127 Mon Feb 23 22:37:03 EST 2015  Total:  51 of 75

CS240: lab4. hughe127 Mon Feb 23 22:37:13 EST 2015  Total:  51 of 75

CS240: lab4. hughe127 Mon Feb 23 22:37:22 EST 2015  Total:  51 of 75

CS240: lab4. hughe127 Mon Feb 23 22:39:47 EST 2015  Total:  51 of 75

CS240: lab4. hughe127 Mon Feb 23 22:40:46 EST 2015  Total:  51 of 75

CS240: lab4. hughe127 Mon Feb 23 22:41:16 EST 2015  Total:  51 of 75

CS240: lab4. hughe127 Mon Feb 23 22:41:20 EST 2015  Total:  51 of 75

CS240: lab4. hughe127 Mon Feb 23 22:51:23 EST 2015  Total:  54 of 75

CS240: lab4. hughe127 Mon Feb 23 22:53:26 EST 2015  Total:  57 of 75

CS240: lab4. hughe127 Mon Feb 23 23:00:16 EST 2015  Total:  57 of 75

CS240: lab4. hughe127 Mon Feb 23 23:00:48 EST 2015  Total:  57 of 75

CS240: lab4. hughe127 Mon Feb 23 23:01:31 EST 2015  Total:  60 of 75

CS240: lab4. hughe127 Mon Feb 23 23:07:19 EST 2015  Total:  60 of 75

CS240: lab4. hughe127 Mon Feb 23 23:20:40 EST 2015  Total:  60 of 75

CS240: lab4. hughe127 Mon Feb 23 23:21:38 EST 2015  Total:  60 of 75

CS240: lab4. hughe127 Mon Feb 23 23:30:34 EST 2015  Total:  60 of 75

CS240: lab4. hughe127 Mon Feb 23 23:31:46 EST 2015  Total:  60 of 75

CS240: lab4. hughe127 Mon Feb 23 23:32:25 EST 2015  Total:  60 of 75

CS240: lab4. hughe127 Mon Feb 23 23:32:42 EST 2015  Total:  60 of 75

CS240: lab4. hughe127 Tue Feb 24 10:09:00 EST 2015  Total:  60 of 75

CS240: lab4. hughe127 Tue Feb 24 10:13:17 EST 2015  Total:  60 of 75

CS240: lab4. hughe127 Tue Feb 24 10:15:41 EST 2015  Total:  60 of 75

CS240: lab4. hughe127 Tue Feb 24 10:26:36 EST 2015  Total:  60 of 75

CS240: lab4. hughe127 Tue Feb 24 10:28:11 EST 2015  Total:  60 of 75

CS240: lab4. hughe127 Tue Feb 24 10:29:14 EST 2015  Total:  60 of 75

CS240: lab4. hughe127 Tue Feb 24 10:33:37 EST 2015  Total:  60 of 75

CS240: lab4. hughe127 Tue Feb 24 10:34:13 EST 2015  Total:  60 of 75

CS240: lab4. hughe127 Tue Feb 24 10:34:53 EST 2015  Total:  60 of 75

CS240: lab4. hughe127 Tue Feb 24 10:35:45 EST 2015  Total:  60 of 75

CS240: lab4. hughe127 Tue Feb 24 10:41:18 EST 2015  Total:  60 of 75

CS240: lab4. hughe127 Tue Feb 24 10:43:24 EST 2015  Total:  60 of 75

CS240: lab4. hughe127 Tue Feb 24 10:44:37 EST 2015  Total:  60 of 75

CS240: lab4. hughe127 Tue Feb 24 10:45:07 EST 2015  Total:  63 of 75

CS240: lab4. hughe127 Tue Feb 24 10:49:49 EST 2015  Total:  63 of 75

CS240: lab4. hughe127 Tue Feb 24 10:50:10 EST 2015  Total:  63 of 75

CS240: lab4. hughe127 Tue Feb 24 10:51:05 EST 2015  Total:  63 of 75

CS240: lab4. hughe127 Tue Feb 24 10:51:12 EST 2015  Total:  63 of 75

CS240: lab4. hughe127 Tue Feb 24 10:51:39 EST 2015  Total:  63 of 75

CS240: lab4. hughe127 Tue Feb 24 11:29:18 EST 2015  Total:  63 of 75

CS240: lab4. hughe127 Tue Feb 24 11:29:52 EST 2015  Total:  63 of 75

CS240: lab4. hughe127 Tue Feb 24 11:33:13 EST 2015  Total:  63 of 75

CS240: lab4. hughe127 Tue Feb 24 11:36:00 EST 2015  Total:  63 of 75

CS240: lab4. hughe127 Tue Feb 24 11:38:41 EST 2015  Total:  63 of 75

CS240: lab4. hughe127 Tue Feb 24 11:40:09 EST 2015  Total:  63 of 75

CS240: lab4. hughe127 Tue Feb 24 11:40:23 EST 2015  Total:  63 of 75

CS240: lab4. hughe127 Tue Feb 24 11:43:35 EST 2015  Total:  63 of 75

CS240: lab4. hughe127 Tue Feb 24 11:44:05 EST 2015  Total:  63 of 75

CS240: lab4. hughe127 Tue Feb 24 11:46:50 EST 2015  Total:  63 of 75

CS240: lab4. hughe127 Tue Feb 24 11:47:54 EST 2015  Total:  63 of 75

CS240: lab4. hughe127 Tue Feb 24 11:49:52 EST 2015  Total:  63 of 75

CS240: lab4. hughe127 Tue Feb 24 11:50:27 EST 2015  Total:  63 of 75

CS240: lab4. hughe127 Tue Feb 24 11:52:55 EST 2015  Total:  63 of 75

CS240: lab4. hughe127 Tue Feb 24 11:54:07 EST 2015  Total:  63 of 75

CS240: lab4. hughe127 Tue Feb 24 11:55:02 EST 2015  Total:  63 of 75

CS240: lab4. hughe127 Tue Feb 24 11:55:27 EST 2015  Total:  63 of 75

CS240: lab4. hughe127 Tue Feb 24 11:56:17 EST 2015  Total:  63 of 75

CS240: lab4. hughe127 Tue Feb 24 12:01:02 EST 2015  Total:  63 of 75

CS240: lab4. hughe127 Tue Feb 24 12:01:16 EST 2015  Total:  63 of 75

CS240: lab4. hughe127 Tue Feb 24 12:01:27 EST 2015  Total:  63 of 75

CS240: lab4. hughe127 Tue Feb 24 12:02:01 EST 2015  Total:  63 of 75

CS240: lab4. hughe127 Tue Feb 24 12:06:55 EST 2015  Total:  63 of 75

CS240: lab4. hughe127 Tue Feb 24 12:09:26 EST 2015  Total:  63 of 75

CS240: lab4. hughe127 Tue Feb 24 12:13:11 EST 2015  Total:  63 of 75

CS240: lab4. hughe127 Tue Feb 24 12:13:40 EST 2015  Total:  63 of 75

CS240: lab4. hughe127 Tue Feb 24 12:14:32 EST 2015  Total:  63 of 75

CS240: lab4. hughe127 Tue Feb 24 12:18:44 EST 2015  Total:  63 of 75

CS240: lab4. hughe127 Tue Feb 24 12:19:31 EST 2015  Total:  63 of 75

CS240: lab4. hughe127 Tue Feb 24 12:19:43 EST 2015  Total:  63 of 75

CS240: lab4. hughe127 Tue Feb 24 12:20:01 EST 2015  Total:  63 of 75

CS240: lab4. hughe127 Tue Feb 24 12:20:11 EST 2015  Total:  63 of 75

CS240: lab4. hughe127 Tue Feb 24 12:20:20 EST 2015  Total:  66 of 75

CS240: lab4. hughe127 Tue Feb 24 12:20:38 EST 2015  Total:  63 of 75

CS240: lab4. hughe127 Tue Feb 24 12:20:53 EST 2015  Total:  63 of 75

CS240: lab4. hughe127 Tue Feb 24 12:21:03 EST 2015  Total:  63 of 75

CS240: lab4. hughe127 Tue Feb 24 12:21:58 EST 2015  Total:  66 of 75

CS240: lab4. hughe127 Tue Feb 24 12:29:49 EST 2015  Total:  66 of 75

CS240: lab4. hughe127 Tue Feb 24 12:32:14 EST 2015  Total:  66 of 75

CS240: lab4. hughe127 Tue Feb 24 12:32:26 EST 2015  Total:  66 of 75

CS240: lab4. hughe127 Tue Feb 24 12:33:04 EST 2015  Total:  66 of 75

CS240: lab4. hughe127 Tue Feb 24 12:43:29 EST 2015  Total:  66 of 75

CS240: lab4. hughe127 Tue Feb 24 12:49:38 EST 2015  Total:  66 of 75

CS240: lab4. hughe127 Tue Feb 24 12:50:09 EST 2015  Total:  66 of 75

CS240: lab4. hughe127 Tue Feb 24 12:50:34 EST 2015  Total:  66 of 75

CS240: lab4. hughe127 Tue Feb 24 12:50:43 EST 2015  Total:  66 of 75

CS240: lab4. hughe127 Tue Feb 24 12:51:19 EST 2015  Total:  69 of 75

CS240: lab4. hughe127 Tue Feb 24 13:05:49 EST 2015  Total:  69 of 75

CS240: lab4. hughe127 Tue Feb 24 13:06:29 EST 2015  Total:  69 of 75

CS240: lab4. hughe127 Tue Feb 24 13:12:31 EST 2015  Total:  69 of 75

CS240: lab4. hughe127 Tue Feb 24 13:14:55 EST 2015  Total:  69 of 75

CS240: lab4. hughe127 Tue Feb 24 13:20:41 EST 2015  Total:  69 of 75

CS240: lab4. hughe127 Tue Feb 24 13:21:01 EST 2015  Total:  72 of 75

CS240: lab4. hughe127 Tue Feb 24 13:21:55 EST 2015  Total:  72 of 75

CS240: lab4. hughe127 Tue Feb 24 13:22:50 EST 2015  Total:  75 of 75

CS240: lab4. hughe127 Tue Feb 24 13:27:23 EST 2015  Total:  72 of 100

CS240: lab4. hughe127 Tue Feb 24 13:28:22 EST 2015  Total:  75 of 103

CS240: lab4. hughe127 Wed Feb 25 08:52:34 EST 2015  Total:  75 of 103

CS240: lab4. hughe127 Wed Feb 25 08:55:09 EST 2015  Total:  75 of 103

CS240: lab4. hughe127 Thu Feb 26 11:05:44 EST 2015  Total:  75 of 103

CS240: lab4. hughe127 Thu Feb 26 21:23:02 EST 2015  Total:  75 of 103

CS240: lab4. hughe127 Thu Feb 26 21:24:06 EST 2015  Total:  75 of 103

CS240: lab4. hughe127 Thu Feb 26 23:53:03 EST 2015  Total:  75 of 103

CS240: lab4. hughe127 Thu Feb 26 23:53:38 EST 2015  Total:  75 of 103

CS240: lab4. hughe127 Thu Feb 26 23:53:46 EST 2015  Total:  75 of 103

CS240: lab4. hughe127 Thu Feb 26 23:56:15 EST 2015  Total:  75 of 103

CS240: lab4. hughe127 Thu Feb 26 23:58:21 EST 2015  Total:  75 of 103

CS240: lab4. hughe127 Fri Feb 27 00:03:54 EST 2015  Total:  75 of 103

CS240: lab4. hughe127 Fri Feb 27 00:04:10 EST 2015  Total:  75 of 103

CS240: lab4. hughe127 Fri Feb 27 00:10:31 EST 2015  Total:  75 of 103

CS240: lab4. hughe127 Fri Feb 27 00:11:01 EST 2015  Total:  75 of 103

CS240: lab4. hughe127 Fri Feb 27 00:11:36 EST 2015  Total:  75 of 103

CS240: lab4. hughe127 Fri Feb 27 00:11:42 EST 2015  Total:  75 of 103

CS240: lab4. hughe127 Fri Feb 27 00:14:14 EST 2015  Total:  83 of 103

CS240: lab4. hughe127 Fri Feb 27 00:14:38 EST 2015  Total:  83 of 103

CS240: lab4. hughe127 Fri Feb 27 00:24:13 EST 2015  Total:  83 of 103

CS240: lab4. hughe127 Fri Feb 27 00:55:35 EST 2015  Total:  83 of 103

CS240: lab4. hughe127 Fri Feb 27 01:00:06 EST 2015  Total:  83 of 103

CS240: lab4. hughe127 Fri Feb 27 01:00:19 EST 2015  Total:  83 of 103

CS240: lab4. hughe127 Fri Feb 27 01:58:10 EST 2015  Total:  83 of 103

CS240: lab4. hughe127 Fri Feb 27 02:34:50 EST 2015  Total:  83 of 103

CS240: lab4. hughe127 Fri Feb 27 02:42:39 EST 2015  Total:  83 of 103

CS240: lab4. hughe127 Fri Feb 27 02:47:51 EST 2015  Total:  83 of 103

CS240: lab4. hughe127 Fri Feb 27 13:01:23 EST 2015  Total:  83 of 103

CS240: lab4. hughe127 Fri Feb 27 13:01:37 EST 2015  Total:  83 of 103

CS240: lab4. hughe127 Fri Feb 27 13:01:45 EST 2015  Total:  83 of 103

CS240: lab4. hughe127 Fri Feb 27 13:05:14 EST 2015  Total:  83 of 103

CS240: lab4. hughe127 Fri Feb 27 13:05:22 EST 2015  Total:  83 of 103

CS240: lab4. hughe127 Fri Feb 27 13:08:05 EST 2015  Total:  83 of 103

CS240: lab4. hughe127 Fri Feb 27 13:08:15 EST 2015  Total:  83 of 103

CS240: lab4. hughe127 Fri Feb 27 13:09:28 EST 2015  Total:  83 of 103

CS240: lab4. hughe127 Fri Feb 27 13:09:32 EST 2015  Total:  83 of 103

CS240: lab4. hughe127 Fri Feb 27 13:10:30 EST 2015  Total:  83 of 103

CS240: lab4. hughe127 Fri Feb 27 13:12:03 EST 2015  Total:  83 of 103

CS240: lab4. hughe127 Fri Feb 27 13:12:19 EST 2015  Total:  83 of 103

CS240: lab4. hughe127 Fri Feb 27 13:13:55 EST 2015  Total:  83 of 103

CS240: lab4. hughe127 Fri Feb 27 13:14:12 EST 2015  Total:  83 of 103

CS240: lab4. hughe127 Fri Feb 27 13:14:21 EST 2015  Total:  83 of 103

CS240: lab4. hughe127 Fri Feb 27 13:15:03 EST 2015  Total:  83 of 103

CS240: lab4. hughe127 Fri Feb 27 13:15:08 EST 2015  Total:  83 of 103

CS240: lab4. hughe127 Fri Feb 27 13:15:49 EST 2015  Total:  83 of 103

CS240: lab4. hughe127 Fri Feb 27 13:16:41 EST 2015  Total:  83 of 103

CS240: lab4. hughe127 Fri Feb 27 13:20:20 EST 2015  Total:  83 of 103

CS240: lab4. hughe127 Fri Feb 27 13:20:25 EST 2015  Total:  83 of 103

CS240: lab4. hughe127 Fri Feb 27 13:42:14 EST 2015  Total:  83 of 103

CS240: lab4. hughe127 Fri Feb 27 13:42:41 EST 2015  Total:  83 of 103

CS240: lab4. hughe127 Fri Feb 27 13:45:43 EST 2015  Total:  83 of 103

CS240: lab4. hughe127 Fri Feb 27 13:45:51 EST 2015  Total:  83 of 103

CS240: lab4. hughe127 Fri Feb 27 13:50:01 EST 2015  Total:  83 of 103

CS240: lab4. hughe127 Fri Feb 27 13:57:12 EST 2015  Total:  83 of 103

CS240: lab4. hughe127 Fri Feb 27 14:02:28 EST 2015  Total:  83 of 103

CS240: lab4. hughe127 Fri Feb 27 14:02:42 EST 2015  Total:  83 of 103

CS240: lab4. hughe127 Fri Feb 27 14:14:37 EST 2015  Total:  83 of 103

CS240: lab4. hughe127 Fri Feb 27 14:14:46 EST 2015  Total:  83 of 103

CS240: lab4. hughe127 Fri Feb 27 14:16:40 EST 2015  Total:  83 of 103

CS240: lab4. hughe127 Fri Feb 27 14:16:48 EST 2015  Total:  83 of 103

CS240: lab4. hughe127 Fri Feb 27 14:17:14 EST 2015  Total:  83 of 103

CS240: lab4. hughe127 Fri Feb 27 14:17:21 EST 2015  Total:  83 of 103

CS240: lab4. hughe127 Fri Feb 27 14:19:47 EST 2015  Total:  83 of 103

CS240: lab4. hughe127 Fri Feb 27 14:19:56 EST 2015  Total:  83 of 103

CS240: lab4. hughe127 Fri Feb 27 14:21:27 EST 2015  Total:  83 of 103

CS240: lab4. hughe127 Fri Feb 27 14:21:37 EST 2015  Total:  83 of 103

CS240: lab4. hughe127 Fri Feb 27 14:22:27 EST 2015  Total:  87 of 103

CS240: lab4. hughe127 Fri Feb 27 16:32:06 EST 2015  Total:  87 of 103

CS240: lab4. hughe127 Sun Mar 1 15:33:41 EST 2015  Total:  87 of 103

CS240: lab4. hughe127 Sun Mar 1 15:43:56 EST 2015  Total:  87 of 103

CS240: lab4. hughe127 Sun Mar 1 15:45:02 EST 2015  Total:  91 of 103

CS240: lab4. hughe127 Sun Mar 1 15:46:36 EST 2015  Total:  91 of 103

CS240: lab4. hughe127 Sun Mar 1 15:49:07 EST 2015  Total:  91 of 103

CS240: lab4. hughe127 Sun Mar 1 15:56:14 EST 2015  Total:  91 of 103

CS240: lab4. hughe127 Sun Mar 1 17:17:24 EST 2015  Total:  91 of 103

CS240: lab4. hughe127 Sun Mar 1 17:17:37 EST 2015  Total:  91 of 103

CS240: lab4. hughe127 Sun Mar 1 17:18:38 EST 2015  Total:  91 of 103

CS240: lab4. hughe127 Sun Mar 1 17:18:48 EST 2015  Total:  91 of 103

CS240: lab4. hughe127 Sun Mar 1 17:19:00 EST 2015  Total:  91 of 103

CS240: lab4. hughe127 Sun Mar 1 17:28:32 EST 2015  Total:  91 of 103

CS240: lab4. hughe127 Sun Mar 1 17:28:48 EST 2015  Total:  91 of 103

CS240: lab4. hughe127 Sun Mar 1 17:29:04 EST 2015  Total:  91 of 103

CS240: lab4. hughe127 Sun Mar 1 17:30:31 EST 2015  Total:  91 of 103

CS240: lab4. hughe127 Sun Mar 1 17:30:37 EST 2015  Total:  91 of 103

CS240: lab4. hughe127 Sun Mar 1 17:31:12 EST 2015  Total:  91 of 103

CS240: lab4. hughe127 Sun Mar 1 17:44:00 EST 2015  Total:  91 of 103

CS240: lab4. hughe127 Sun Mar 1 17:44:12 EST 2015  Total:  91 of 103

CS240: lab4. hughe127 Sun Mar 1 17:44:34 EST 2015  Total:  91 of 103

CS240: lab4. hughe127 Sun Mar 1 17:46:26 EST 2015  Total:  91 of 103

CS240: lab4. hughe127 Sun Mar 1 17:46:38 EST 2015  Total:  91 of 103

CS240: lab4. hughe127 Sun Mar 1 17:46:45 EST 2015  Total:  91 of 103

CS240: lab4. hughe127 Sun Mar 1 17:47:32 EST 2015  Total:  91 of 103

CS240: lab4. hughe127 Sun Mar 1 17:48:07 EST 2015  Total:  91 of 103

CS240: lab4. hughe127 Sun Mar 1 17:48:15 EST 2015  Total:  91 of 103

CS240: lab4. hughe127 Sun Mar 1 17:51:14 EST 2015  Total:  94 of 103

CS240: lab4. hughe127 Sun Mar 1 17:54:12 EST 2015  Total:  94 of 103

CS240: lab4. hughe127 Sun Mar 1 19:45:16 EST 2015  Total:  94 of 103

CS240: lab4. hughe127 Sun Mar 1 19:46:24 EST 2015  Total:  94 of 103

CS240: lab4. hughe127 Sun Mar 1 19:47:14 EST 2015  Total:  94 of 103

CS240: lab4. hughe127 Sun Mar 1 19:47:59 EST 2015  Total:  94 of 103

CS240: lab4. hughe127 Sun Mar 1 19:48:25 EST 2015  Total:  94 of 103

CS240: lab4. hughe127 Sun Mar 1 19:49:01 EST 2015  Total:  94 of 103

CS240: lab4. hughe127 Sun Mar 1 19:49:37 EST 2015  Total:  94 of 103

CS240: lab4. hughe127 Sun Mar 1 19:50:04 EST 2015  Total:  94 of 103

CS240: lab4. hughe127 Sun Mar 1 19:50:46 EST 2015  Total:  94 of 103

CS240: lab4. hughe127 Sun Mar 1 19:53:10 EST 2015  Total:  94 of 103

CS240: lab4. hughe127 Sun Mar 1 19:54:09 EST 2015  Total:  94 of 103

CS240: lab4. hughe127 Sun Mar 1 19:54:38 EST 2015  Total:  94 of 103

CS240: lab4. hughe127 Sun Mar 1 19:55:36 EST 2015  Total:  94 of 103

CS240: lab4. hughe127 Sun Mar 1 20:02:46 EST 2015  Total:  94 of 103

CS240: lab4. hughe127 Sun Mar 1 20:05:46 EST 2015  Total:  94 of 103

CS240: lab4. hughe127 Sun Mar 1 20:06:25 EST 2015  Total:  94 of 103

CS240: lab4. hughe127 Sun Mar 1 20:06:39 EST 2015  Total:  94 of 103

CS240: lab4. hughe127 Sun Mar 1 20:09:10 EST 2015  Total:  94 of 103

CS240: lab4. hughe127 Sun Mar 1 20:09:57 EST 2015  Total:  94 of 103

CS240: lab4. hughe127 Sun Mar 1 20:10:23 EST 2015  Total:  94 of 103

CS240: lab4. hughe127 Sun Mar 1 20:10:54 EST 2015  Total:  94 of 103

CS240: lab4. hughe127 Sun Mar 1 20:11:15 EST 2015  Total:  94 of 103

CS240: lab4. hughe127 Sun Mar 1 20:11:58 EST 2015  Total:  94 of 103

CS240: lab4. hughe127 Sun Mar 1 20:12:46 EST 2015  Total:  94 of 103

CS240: lab4. hughe127 Sun Mar 1 20:13:03 EST 2015  Total:  94 of 103

CS240: lab4. hughe127 Sun Mar 1 20:13:22 EST 2015  Total:  94 of 103

CS240: lab4. hughe127 Sun Mar 1 20:14:52 EST 2015  Total:  94 of 103

CS240: lab4. hughe127 Sun Mar 1 20:15:10 EST 2015  Total:  94 of 103

CS240: lab4. hughe127 Sun Mar 1 20:15:27 EST 2015  Total:  94 of 103

CS240: lab4. hughe127 Sun Mar 1 20:15:52 EST 2015  Total:  94 of 103

CS240: lab4. hughe127 Sun Mar 1 20:16:17 EST 2015  Total:  94 of 103

CS240: lab4. hughe127 Sun Mar 1 20:17:03 EST 2015  Total:  94 of 103

CS240: lab4. hughe127 Sun Mar 1 20:17:32 EST 2015  Total:  94 of 103

CS240: lab4. hughe127 Sun Mar 1 20:19:34 EST 2015  Total:  94 of 103

CS240: lab4. hughe127 Sun Mar 1 20:23:25 EST 2015  Total:  94 of 103

CS240: lab4. hughe127 Sun Mar 1 20:23:43 EST 2015  Total:  94 of 103

CS240: lab4. hughe127 Sun Mar 1 20:26:04 EST 2015  Total:  103 of 103

CS240: lab4. hughe127 Sun Mar 1 20:29:47 EST 2015  Total:  103 of 103

CS240: lab4. hughe127 Mon Mar 2 21:11:23 EST 2015  Total:  103 of 103

CS240: lab4. hughe127 Mon Mar 2 21:43:52 EST 2015  Total:  103 of 103

CS240: lab4. hughe127 Tue Mar 3 11:48:48 EST 2015  Total:  103 of 103

CS240: lab4. hughe127 Tue Mar 3 21:02:31 EST 2015  Total:  103 of 103

