

-------------------------------------------------
CS240: Lab 2b. cs240   
Sun Jan 25 22:14:59 EST 2015
-------------------------------------------------
test_mystring test1                 : 0   of 3  
test_mystring test2                 : 0   of 3  
test_mystring test3                 : 0   of 3  
test_mystring test4                 : 0   of 3  
test_mystring test5                 : 0   of 3  
test_mystring test6                 : 0   of 3  
test_mystring test7                 : 0   of 3  
-------------------------------------------------
CS240: Lab 2b. cs240 Sun Jan 25 22:14:59 EST 2015  Total:  0 of 21



-------------------------------------------------
CS240: Lab 2b. cs240   
Sun Jan 25 22:15:33 EST 2015
-------------------------------------------------
test_mystring test1                 : 0   of 3  
test_mystring test2                 : 0   of 3  
test_mystring test3                 : 0   of 3  
test_mystring test4                 : 0   of 3  
test_mystring test5                 : 0   of 3  
test_mystring test6                 : 0   of 3  
test_mystring test7                 : 0   of 3  
-------------------------------------------------
CS240: Lab 2b. cs240 Sun Jan 25 22:15:33 EST 2015  Total:  0 of 21



-------------------------------------------------
CS240: Lab 2b. hughe127   
Tue Jan 27 12:07:48 EST 2015
-------------------------------------------------
test_mystring test1                 : 3   of 3  
test_mystring test2                 : 3   of 3  
test_mystring test4                 : 0   of 3  
test_mystring test5                 : 0   of 3  
test_mystring test6                 : 0   of 3  
test_mystring test7                 : 0   of 3  
-------------------------------------------------
CS240: Lab 2b. hughe127 Tue Jan 27 12:07:48 EST 2015  Total:  6 of 21



-------------------------------------------------
CS240: Lab 2b. hughe127   
Tue Jan 27 12:32:43 EST 2015
-------------------------------------------------
test_mystring test1                 : 3   of 3  
test_mystring test2                 : 3   of 3  
test_mystring test3                 : 0   of 3  
test_mystring test4                 : 0   of 3  
test_mystring test5                 : 0   of 3  
test_mystring test6                 : 0   of 3  
test_mystring test7                 : 0   of 3  
-------------------------------------------------
CS240: Lab 2b. hughe127 Tue Jan 27 12:32:43 EST 2015  Total:  6 of 21



-------------------------------------------------
CS240: Lab 2b. hughe127   
Tue Jan 27 12:36:20 EST 2015
-------------------------------------------------
test_mystring test1                 : 3   of 3  
test_mystring test2                 : 3   of 3  
test_mystring test3                 : 3   of 3  
test_mystring test4                 : 0   of 3  
test_mystring test5                 : 0   of 3  
test_mystring test6                 : 0   of 3  
test_mystring test7                 : 0   of 3  
-------------------------------------------------
CS240: Lab 2b. hughe127 Tue Jan 27 12:36:20 EST 2015  Total:  9 of 21



-------------------------------------------------
CS240: Lab 2b. hughe127   
Tue Jan 27 12:49:12 EST 2015
-------------------------------------------------
test_mystring test1                 : 3   of 3  
test_mystring test2                 : 3   of 3  
test_mystring test3                 : 3   of 3  
test_mystring test4                 : 0   of 3  
test_mystring test5                 : 0   of 3  
test_mystring test6                 : 0   of 3  
test_mystring test7                 : 0   of 3  
-------------------------------------------------
CS240: Lab 2b. hughe127 Tue Jan 27 12:49:12 EST 2015  Total:  9 of 21



-------------------------------------------------
CS240: Lab 2b. hughe127   
Tue Jan 27 12:51:20 EST 2015
-------------------------------------------------
test_mystring test1                 : 3   of 3  
test_mystring test2                 : 3   of 3  
test_mystring test3                 : 3   of 3  
test_mystring test4                 : 3   of 3  
test_mystring test5                 : 0   of 3  
test_mystring test6                 : 0   of 3  
test_mystring test7                 : 0   of 3  
-------------------------------------------------
CS240: Lab 2b. hughe127 Tue Jan 27 12:51:20 EST 2015  Total:  12 of 21



-------------------------------------------------
CS240: Lab 2b. hughe127   
Tue Jan 27 12:56:14 EST 2015
-------------------------------------------------
test_mystring test1                 : 3   of 3  
test_mystring test2                 : 3   of 3  
test_mystring test3                 : 3   of 3  
test_mystring test4                 : 3   of 3  
test_mystring test5                 : 3   of 3  
test_mystring test6                 : 0   of 3  
test_mystring test7                 : 0   of 3  
-------------------------------------------------
CS240: Lab 2b. hughe127 Tue Jan 27 12:56:14 EST 2015  Total:  15 of 21



-------------------------------------------------
CS240: Lab 2b. hughe127   
Tue Jan 27 12:57:37 EST 2015
-------------------------------------------------
test_mystring test1                 : 3   of 3  
test_mystring test2                 : 3   of 3  
test_mystring test3                 : 3   of 3  
test_mystring test4                 : 3   of 3  
test_mystring test5                 : 3   of 3  
test_mystring test6                 : 0   of 3  
test_mystring test7                 : 0   of 3  
-------------------------------------------------
CS240: Lab 2b. hughe127 Tue Jan 27 12:57:37 EST 2015  Total:  15 of 21



-------------------------------------------------
CS240: Lab 2b. hughe127   
Tue Jan 27 13:04:40 EST 2015
-------------------------------------------------
test_mystring test1                 : 3   of 3  
test_mystring test2                 : 3   of 3  
test_mystring test3                 : 3   of 3  
test_mystring test4                 : 3   of 3  
test_mystring test5                 : 3   of 3  
test_mystring test6                 : 3   of 3  
test_mystring test7                 : 0   of 3  
-------------------------------------------------
CS240: Lab 2b. hughe127 Tue Jan 27 13:04:40 EST 2015  Total:  18 of 21



-------------------------------------------------
CS240: Lab 2b. hughe127   
Tue Jan 27 13:14:58 EST 2015
-------------------------------------------------
test_mystring test1                 : 3   of 3  
test_mystring test2                 : 3   of 3  
test_mystring test3                 : 3   of 3  
test_mystring test4                 : 3   of 3  
test_mystring test5                 : 3   of 3  
test_mystring test6                 : 3   of 3  
test_mystring test7                 : 3   of 3  
-------------------------------------------------
CS240: Lab 2b. hughe127 Tue Jan 27 13:14:58 EST 2015  Total:  21 of 21



-------------------------------------------------
CS240: Lab 2b. hughe127   
Tue Jan 27 13:18:34 EST 2015
-------------------------------------------------
test_mystring test1                 : 3   of 3  
test_mystring test2                 : 3   of 3  
test_mystring test3                 : 3   of 3  
test_mystring test4                 : 3   of 3  
test_mystring test5                 : 3   of 3  
test_mystring test6                 : 3   of 3  
test_mystring test7                 : 3   of 3  
-------------------------------------------------
CS240: Lab 2b. hughe127 Tue Jan 27 13:18:34 EST 2015  Total:  21 of 21



-------------------------------------------------
CS240: Lab 2b. hughe127   
Tue Jan 27 15:31:22 EST 2015
-------------------------------------------------
test_mystring test1                 : 3   of 3  
test_mystring test2                 : 3   of 3  
test_mystring test3                 : 3   of 3  
test_mystring test4                 : 3   of 3  
test_mystring test5                 : 3   of 3  
test_mystring test6                 : 3   of 3  
test_mystring test7                 : 3   of 3  
-------------------------------------------------
CS240: Lab 2b. hughe127 Tue Jan 27 15:31:22 EST 2015  Total:  21 of 21



-------------------------------------------------
CS240: Lab 2b. hughe127   
Wed Jan 28 09:26:39 EST 2015
-------------------------------------------------
test_mystring test1                 : 3   of 3  
test_mystring test2                 : 3   of 3  
test_mystring test3                 : 3   of 3  
test_mystring test4                 : 3   of 3  
test_mystring test5                 : 3   of 3  
test_mystring test6                 : 3   of 3  
test_mystring test7                 : 3   of 3  
-------------------------------------------------
CS240: Lab 2b. hughe127 Wed Jan 28 09:26:39 EST 2015  Total:  21 of 21

