CS240: lab5. cs240 Mon Mar 9 23:13:39 EDT 2015  Total:  -20 of 75

CS240: lab5. cs240 Mon Mar 9 23:15:07 EDT 2015  Total:  -20 of 75

CS240: lab5. cs240 Mon Mar 9 23:15:21 EDT 2015  Total:  55 of 75

CS240: lab5. cs240 Mon Mar 9 23:16:12 EDT 2015  Total:  55 of 75

CS240: lab5. cs240 Mon Mar 9 23:17:37 EDT 2015  Total:  75 of 75

CS240: lab5. cs240 Tue Mar 10 00:05:07 EDT 2015  Total:  100 of 100

CS240: lab5. cs240 Tue Mar 10 00:14:16 EDT 2015  Total:  0 of 100

CS240: lab5. cs240 Tue Mar 10 00:15:06 EDT 2015  Total:  0 of 100

CS240: lab5. cs240 Tue Mar 10 00:17:18 EDT 2015  Total:  0 of 100

CS240: lab5. hughe127 Fri Mar 20 17:25:49 EDT 2015  Total:  65 of 140

CS240: lab5. hughe127 Sat Mar 21 21:35:04 EDT 2015  Total:  65 of 140

CS240: lab5. hughe127 Sat Mar 21 22:35:43 EDT 2015  Total:  65 of 140

CS240: lab5. hughe127 Sat Mar 21 22:36:38 EDT 2015  Total:  75 of 140

CS240: lab5. hughe127 Sat Mar 21 22:38:31 EDT 2015  Total:  75 of 140

CS240: lab5. hughe127 Sat Mar 21 22:39:15 EDT 2015  Total:  75 of 140

CS240: lab5. hughe127 Sat Mar 21 22:40:12 EDT 2015  Total:  75 of 140

CS240: lab5. hughe127 Tue Mar 24 11:25:39 EDT 2015  Total:  65 of 140

CS240: lab5. hughe127 Tue Mar 24 11:27:33 EDT 2015  Total:  65 of 140

CS240: lab5. hughe127 Tue Mar 24 11:30:17 EDT 2015  Total:  65 of 140

CS240: lab5. hughe127 Tue Mar 24 11:32:46 EDT 2015  Total:  75 of 140

CS240: lab5. hughe127 Tue Mar 24 11:35:09 EDT 2015  Total:  65 of 140

CS240: lab5. hughe127 Tue Mar 24 11:39:30 EDT 2015  Total:  65 of 140

CS240: lab5. hughe127 Tue Mar 24 11:39:48 EDT 2015  Total:  75 of 140

CS240: lab5. hughe127 Tue Mar 24 11:40:33 EDT 2015  Total:  75 of 140

CS240: lab5. hughe127 Tue Mar 24 11:41:34 EDT 2015  Total:  75 of 140

CS240: lab5. hughe127 Tue Mar 24 11:43:04 EDT 2015  Total:  75 of 140

CS240: lab5. hughe127 Tue Mar 24 11:44:03 EDT 2015  Total:  75 of 140

CS240: lab5. hughe127 Tue Mar 24 12:06:44 EDT 2015  Total:  75 of 140

CS240: lab5. hughe127 Tue Mar 24 12:18:16 EDT 2015  Total:  75 of 140

CS240: lab5. hughe127 Tue Mar 24 12:24:04 EDT 2015  Total:  75 of 140

CS240: lab5. hughe127 Tue Mar 24 12:29:45 EDT 2015  Total:  75 of 140

CS240: lab5. hughe127 Tue Mar 24 12:35:29 EDT 2015  Total:  85 of 140

CS240: lab5. hughe127 Tue Mar 24 12:42:32 EDT 2015  Total:  85 of 140

CS240: lab5. hughe127 Tue Mar 24 12:44:11 EDT 2015  Total:  85 of 140

CS240: lab5. hughe127 Tue Mar 24 12:44:59 EDT 2015  Total:  85 of 140

CS240: lab5. hughe127 Tue Mar 24 12:45:44 EDT 2015  Total:  75 of 140

CS240: lab5. hughe127 Tue Mar 24 12:46:14 EDT 2015  Total:  75 of 140

CS240: lab5. hughe127 Tue Mar 24 12:46:59 EDT 2015  Total:  85 of 140

CS240: lab5. hughe127 Tue Mar 24 12:54:35 EDT 2015  Total:  75 of 140

CS240: lab5. hughe127 Tue Mar 24 12:57:40 EDT 2015  Total:  75 of 140

CS240: lab5. hughe127 Tue Mar 24 12:59:51 EDT 2015  Total:  75 of 140

CS240: lab5. hughe127 Tue Mar 24 13:00:59 EDT 2015  Total:  85 of 140

CS240: lab5. hughe127 Tue Mar 24 13:08:10 EDT 2015  Total:  75 of 140

CS240: lab5. hughe127 Tue Mar 24 13:08:31 EDT 2015  Total:  75 of 140

CS240: lab5. hughe127 Tue Mar 24 13:09:55 EDT 2015  Total:  85 of 140

CS240: lab5. hughe127 Tue Mar 24 13:10:36 EDT 2015  Total:  85 of 140

CS240: lab5. hughe127 Tue Mar 24 13:14:09 EDT 2015  Total:  85 of 140

CS240: lab5. hughe127 Tue Mar 24 13:17:40 EDT 2015  Total:  75 of 140

CS240: lab5. hughe127 Tue Mar 24 13:18:36 EDT 2015  Total:  75 of 140

CS240: lab5. hughe127 Tue Mar 24 13:18:43 EDT 2015  Total:  75 of 140

CS240: lab5. hughe127 Tue Mar 24 13:18:55 EDT 2015  Total:  75 of 140

CS240: lab5. hughe127 Wed Mar 25 08:53:38 EDT 2015  Total:  85 of 140

CS240: lab5. hughe127 Wed Mar 25 09:05:01 EDT 2015  Total:  85 of 140

CS240: lab5. hughe127 Wed Mar 25 09:18:50 EDT 2015  Total:  85 of 140

CS240: lab5. hughe127 Wed Mar 25 09:20:22 EDT 2015  Total:  85 of 140

CS240: lab5. hughe127 Wed Mar 25 09:20:40 EDT 2015  Total:  85 of 140

CS240: lab5. hughe127 Wed Mar 25 09:21:09 EDT 2015  Total:  85 of 140

CS240: lab5. hughe127 Thu Mar 26 16:24:47 EDT 2015  Total:  85 of 140

CS240: lab5. hughe127 Thu Mar 26 16:30:57 EDT 2015  Total:  85 of 140

CS240: lab5. hughe127 Thu Mar 26 16:31:48 EDT 2015  Total:  85 of 140

CS240: lab5. hughe127 Thu Mar 26 16:32:03 EDT 2015  Total:  85 of 140

CS240: lab5. hughe127 Thu Mar 26 16:32:17 EDT 2015  Total:  101 of 140

CS240: lab5. hughe127 Thu Mar 26 17:34:02 EDT 2015  Total:  109 of 140

CS240: lab5. hughe127 Thu Mar 26 18:50:29 EDT 2015  Total:  109 of 140

CS240: lab5. hughe127 Thu Mar 26 19:29:25 EDT 2015  Total:  91 of 140

CS240: lab5. hughe127 Thu Mar 26 19:29:46 EDT 2015  Total:  101 of 140

CS240: lab5. hughe127 Thu Mar 26 19:30:22 EDT 2015  Total:  91 of 140

CS240: lab5. hughe127 Thu Mar 26 19:38:59 EDT 2015  Total:  91 of 140

CS240: lab5. hughe127 Thu Mar 26 20:13:32 EDT 2015  Total:  109 of 140

CS240: lab5. hughe127 Thu Mar 26 20:24:02 EDT 2015  Total:  109 of 140

CS240: lab5. hughe127 Thu Mar 26 21:29:27 EDT 2015  Total:  101 of 140

CS240: lab5. hughe127 Sat Mar 28 19:37:16 EDT 2015  Total:  101 of 140

CS240: lab5. hughe127 Sun Mar 29 15:41:05 EDT 2015  Total:  101 of 140

CS240: lab5. hughe127 Sun Mar 29 16:08:41 EDT 2015  Total:  101 of 140

CS240: lab5. hughe127 Sun Mar 29 16:11:13 EDT 2015  Total:  101 of 140

CS240: lab5. hughe127 Sun Mar 29 16:12:03 EDT 2015  Total:  101 of 140

CS240: lab5. hughe127 Sun Mar 29 16:12:21 EDT 2015  Total:  101 of 140

CS240: lab5. hughe127 Sun Mar 29 16:12:42 EDT 2015  Total:  101 of 140

CS240: lab5. hughe127 Sun Mar 29 16:25:42 EDT 2015  Total:  101 of 140

CS240: lab5. hughe127 Sun Mar 29 16:27:24 EDT 2015  Total:  101 of 140

CS240: lab5. hughe127 Sun Mar 29 16:27:47 EDT 2015  Total:  101 of 140

CS240: lab5. hughe127 Sun Mar 29 16:44:40 EDT 2015  Total:  117 of 140

CS240: lab5. hughe127 Sun Mar 29 16:50:38 EDT 2015  Total:  117 of 140

CS240: lab5. hughe127 Sun Mar 29 16:56:53 EDT 2015  Total:  117 of 140

CS240: lab5. hughe127 Sun Mar 29 16:57:15 EDT 2015  Total:  117 of 140

CS240: lab5. hughe127 Sun Mar 29 16:57:41 EDT 2015  Total:  117 of 140

CS240: lab5. hughe127 Sun Mar 29 17:00:50 EDT 2015  Total:  117 of 140

CS240: lab5. hughe127 Sun Mar 29 17:01:32 EDT 2015  Total:  117 of 140

CS240: lab5. hughe127 Sun Mar 29 17:06:17 EDT 2015  Total:  121 of 140

CS240: lab5. hughe127 Sun Mar 29 17:07:16 EDT 2015  Total:  109 of 140

CS240: lab5. hughe127 Sun Mar 29 17:08:58 EDT 2015  Total:  121 of 140

CS240: lab5. hughe127 Sun Mar 29 17:10:44 EDT 2015  Total:  121 of 140

CS240: lab5. hughe127 Mon Mar 30 19:56:10 EDT 2015  Total:  121 of 140

CS240: lab5. hughe127 Mon Mar 30 19:57:27 EDT 2015  Total:  121 of 140

CS240: lab5. hughe127 Mon Mar 30 19:58:45 EDT 2015  Total:  121 of 140

CS240: lab5. hughe127 Mon Mar 30 19:59:58 EDT 2015  Total:  121 of 140

CS240: lab5. hughe127 Mon Mar 30 20:00:33 EDT 2015  Total:  121 of 140

CS240: lab5. hughe127 Mon Mar 30 20:01:30 EDT 2015  Total:  111 of 140

CS240: lab5. hughe127 Mon Mar 30 20:01:36 EDT 2015  Total:  121 of 140

CS240: lab5. hughe127 Mon Mar 30 20:02:20 EDT 2015  Total:  111 of 140

CS240: lab5. hughe127 Mon Mar 30 20:02:38 EDT 2015  Total:  121 of 140

CS240: lab5. hughe127 Mon Mar 30 20:03:17 EDT 2015  Total:  121 of 140

CS240: lab5. hughe127 Mon Mar 30 20:04:43 EDT 2015  Total:  121 of 140

CS240: lab5. hughe127 Mon Mar 30 20:04:56 EDT 2015  Total:  121 of 140

CS240: lab5. hughe127 Mon Mar 30 20:05:13 EDT 2015  Total:  121 of 140

CS240: lab5. hughe127 Mon Mar 30 20:06:16 EDT 2015  Total:  121 of 140

CS240: lab5. hughe127 Mon Mar 30 20:06:29 EDT 2015  Total:  121 of 140

CS240: lab5. hughe127 Mon Mar 30 20:07:11 EDT 2015  Total:  121 of 140

CS240: lab5. hughe127 Mon Mar 30 20:16:18 EDT 2015  Total:  121 of 140

CS240: lab5. hughe127 Mon Mar 30 20:17:05 EDT 2015  Total:  121 of 140

CS240: lab5. hughe127 Mon Mar 30 20:17:43 EDT 2015  Total:  121 of 140

CS240: lab5. hughe127 Mon Mar 30 20:18:54 EDT 2015  Total:  111 of 140

CS240: lab5. hughe127 Mon Mar 30 20:19:06 EDT 2015  Total:  126 of 140

CS240: lab5. hughe127 Mon Mar 30 20:19:44 EDT 2015  Total:  111 of 140

CS240: lab5. hughe127 Mon Mar 30 20:23:24 EDT 2015  Total:  136 of 140

CS240: lab5. hughe127 Mon Mar 30 21:01:21 EDT 2015  Total:  136 of 140

CS240: lab5. hughe127 Tue May 5 21:50:01 EDT 2015  Total:  132 of 140

CS240: lab5. hughe127 Tue May 5 21:50:56 EDT 2015  Total:  132 of 140

CS240: lab5. hughe127 Tue May 5 21:52:45 EDT 2015  Total:  136 of 140

