CS240: lab6. cs240 Tue Mar 31 00:09:52 EDT 2015  Total:  0 of 12

CS240: lab6. cs240 Tue Mar 31 00:10:08 EDT 2015  Total:  12 of 12

CS240: lab6. cs240 Tue Mar 31 00:11:07 EDT 2015  Total:  0 of 12

CS240: lab6. cs240 Tue Mar 31 00:11:39 EDT 2015  Total:  0 of 12

CS240: lab6. cs240 Tue Mar 31 00:13:58 EDT 2015  Total:  0 of 12

CS240: lab6. hughe127 Tue Mar 31 10:55:26 EDT 2015  Total:  0 of 12

CS240: lab6. hughe127 Tue Mar 31 11:40:45 EDT 2015  Total:  2 of 12

CS240: lab6. hughe127 Tue Mar 31 11:41:36 EDT 2015  Total:  4 of 12

CS240: lab6. hughe127 Tue Mar 31 11:46:39 EDT 2015  Total:  8 of 12

CS240: lab6. hughe127 Tue Mar 31 12:28:33 EDT 2015  Total:  12 of 12

CS240: lab6. hughe127 Tue Mar 31 12:43:16 EDT 2015  Total:  12 of 12

CS240: lab6. hughe127 Tue Apr 14 16:36:32 EDT 2015  Total:  52 of 62

CS240: lab6. hughe127 Tue Apr 14 16:38:58 EDT 2015  Total:  52 of 62

CS240: lab6. hughe127 Tue Apr 14 17:10:06 EDT 2015  Total:  52 of 62

CS240: lab6. hughe127 Tue Apr 14 17:37:08 EDT 2015  Total:  52 of 62

CS240: lab6. hughe127 Tue Apr 14 17:38:54 EDT 2015  Total:  52 of 62

CS240: lab6. hughe127 Tue Apr 14 17:41:38 EDT 2015  Total:  42 of 62

CS240: lab6. hughe127 Tue Apr 14 18:13:03 EDT 2015  Total:  57 of 62

CS240: lab6. hughe127 Tue Apr 14 18:16:43 EDT 2015  Total:  52 of 62

CS240: lab6. hughe127 Tue Apr 14 18:18:48 EDT 2015  Total:  57 of 62

CS240: lab6. hughe127 Tue Apr 14 18:20:59 EDT 2015  Total:  52 of 62

CS240: lab6. hughe127 Tue Apr 14 18:22:19 EDT 2015  Total:  57 of 62

CS240: lab6. hughe127 Tue Apr 14 18:27:59 EDT 2015  Total:  52 of 62

CS240: lab6. hughe127 Tue Apr 14 18:29:47 EDT 2015  Total:  57 of 62

CS240: lab6. hughe127 Tue Apr 14 18:31:32 EDT 2015  Total:  57 of 62

CS240: lab6. hughe127 Tue Apr 14 18:35:09 EDT 2015  Total:  57 of 62

CS240: lab6. hughe127 Tue Apr 14 18:48:23 EDT 2015  Total:  57 of 62

CS240: lab6. hughe127 Tue Apr 14 18:50:19 EDT 2015  Total:  57 of 62

CS240: lab6. hughe127 Tue Apr 14 18:51:45 EDT 2015  Total:  57 of 62

CS240: lab6. hughe127 Tue Apr 14 18:53:41 EDT 2015  Total:  62 of 62

CS240: lab6. hughe127 Tue Apr 14 18:56:38 EDT 2015  Total:  62 of 62

CS240: lab6. hughe127 Thu Apr 16 20:37:11 EDT 2015  Total:  47 of 62

CS240: lab6. hughe127 Thu Apr 16 20:45:23 EDT 2015  Total:  62 of 62

CS240: lab6. hughe127 Wed Apr 22 08:47:00 EDT 2015  Total:  62 of 62

CS240: lab6. hughe127 Thu Apr 23 23:10:12 EDT 2015  Total:  62 of 62

CS240: lab6. hughe127 Thu Apr 23 23:20:57 EDT 2015  Total:  62 of 62

CS240: lab6. hughe127 Thu Apr 23 23:28:53 EDT 2015  Total:  62 of 62

CS240: lab6. hughe127 Fri Apr 24 15:24:06 EDT 2015  Total:  62 of 62

CS240: lab6. hughe127 Mon Apr 27 00:42:42 EDT 2015  Total:  62 of 62

CS240: lab6. hughe127 Mon Apr 27 21:23:36 EDT 2015  Total:  62 of 62

