CS252: lab1. cs252 Mon Aug 24 12:16:41 EDT 2015  Total:  5 of 90

CS252: lab1. cs252 Mon Aug 24 12:17:26 EDT 2015  Total:  5 of 90

CS252: lab1. cs252 Mon Aug 24 12:26:30 EDT 2015  Total:  5 of 90

CS252: lab1. cs252 Mon Aug 24 12:27:19 EDT 2015  Total:  5 of 90

CS252: lab1. cs252 Mon Aug 24 12:27:46 EDT 2015  Total:  5 of 90

CS252: lab1. cs252 Mon Aug 24 12:32:46 EDT 2015  Total:  5 of 90

CS252: lab1. cs252 Mon Aug 24 12:35:45 EDT 2015  Total:  5 of 100

CS252: lab1. cs252 Mon Aug 24 12:36:03 EDT 2015  Total:  5 of 100

CS252: lab1. cs252 Mon Jan 11 13:51:27 EST 2016  Total:  5 of 100

CS252: lab1. cs252 Mon Jan 11 14:05:34 EST 2016  Total:  0 of 100

CS252: lab1. cs252 Mon Jan 11 14:06:30 EST 2016  Total:  0 of 100

CS252: lab1. cs252 Mon Jan 11 14:06:46 EST 2016  Total:  0 of 100

CS252: lab1. hughe127 Sat Jan 16 23:04:21 EST 2016  Total:  5 of 100

CS252: lab1. hughe127 Sat Jan 16 23:06:13 EST 2016  Total:  5 of 100

CS252: lab1. hughe127 Sat Jan 16 23:09:42 EST 2016  Total:  5 of 100

CS252: lab1. hughe127 Sat Jan 16 23:18:48 EST 2016  Total:  5 of 100

CS252: lab1. hughe127 Sat Jan 16 23:28:52 EST 2016  Total:  5 of 100

CS252: lab1. hughe127 Sat Jan 16 23:52:06 EST 2016  Total:  5 of 100

CS252: lab1. hughe127 Sat Jan 16 23:52:21 EST 2016  Total:  5 of 100

CS252: lab1. hughe127 Sat Jan 16 23:52:45 EST 2016  Total:  5 of 100

CS252: lab1. hughe127 Sat Jan 16 23:54:01 EST 2016  Total:  5 of 100

CS252: lab1. hughe127 Sat Jan 16 23:57:53 EST 2016  Total:  5 of 100

CS252: lab1. hughe127 Sun Jan 17 00:01:07 EST 2016  Total:  5 of 100

CS252: lab1. hughe127 Sun Jan 17 00:12:48 EST 2016  Total:  5 of 100

CS252: lab1. hughe127 Sun Jan 17 00:26:35 EST 2016  Total:  5 of 100

CS252: lab1. hughe127 Sun Jan 17 00:27:22 EST 2016  Total:  5 of 100

CS252: lab1. hughe127 Sun Jan 17 00:36:01 EST 2016  Total:  5 of 100

CS252: lab1. hughe127 Sun Jan 17 00:36:21 EST 2016  Total:  5 of 100

CS252: lab1. hughe127 Sun Jan 17 00:38:47 EST 2016  Total:  5 of 100

CS252: lab1. hughe127 Sun Jan 17 00:39:23 EST 2016  Total:  5 of 100

CS252: lab1. hughe127 Sun Jan 17 00:39:45 EST 2016  Total:  5 of 100

CS252: lab1. hughe127 Wed Jan 20 19:36:35 EST 2016  Total:  5 of 100

CS252: lab1. hughe127 Wed Jan 20 19:37:31 EST 2016  Total:  5 of 100

CS252: lab1. hughe127 Wed Jan 20 20:08:14 EST 2016  Total:  5 of 100

CS252: lab1. hughe127 Wed Jan 20 20:36:31 EST 2016  Total:  5 of 100

CS252: lab1. hughe127 Wed Jan 20 20:51:19 EST 2016  Total:  5 of 100

CS252: lab1. hughe127 Wed Jan 20 21:42:48 EST 2016  Total:  40 of 100

CS252: lab1. hughe127 Wed Jan 20 21:45:08 EST 2016  Total:  40 of 100

CS252: lab1. hughe127 Wed Jan 20 21:52:50 EST 2016  Total:  40 of 100

CS252: lab1. hughe127 Wed Jan 20 22:54:23 EST 2016  Total:  40 of 100

CS252: lab1. hughe127 Wed Jan 20 23:45:18 EST 2016  Total:  40 of 100

CS252: lab1. hughe127 Thu Jan 21 00:06:21 EST 2016  Total:  40 of 100

CS252: lab1. hughe127 Thu Jan 21 00:15:50 EST 2016  Total:  40 of 100

CS252: lab1. hughe127 Thu Jan 21 00:27:45 EST 2016  Total:  40 of 100

CS252: lab1. hughe127 Thu Jan 21 00:36:09 EST 2016  Total:  40 of 100

CS252: lab1. hughe127 Thu Jan 21 00:40:21 EST 2016  Total:  40 of 100

CS252: lab1. hughe127 Thu Jan 21 01:19:07 EST 2016  Total:  40 of 100

CS252: lab1. hughe127 Thu Jan 21 09:26:48 EST 2016  Total:  40 of 100

CS252: lab1. hughe127 Thu Jan 21 09:44:05 EST 2016  Total:  40 of 100

CS252: lab1. hughe127 Thu Jan 21 10:01:07 EST 2016  Total:  40 of 100

CS252: lab1. hughe127 Thu Jan 21 10:10:45 EST 2016  Total:  70 of 100

CS252: lab1. hughe127 Thu Jan 21 10:13:57 EST 2016  Total:  40 of 100

CS252: lab1. hughe127 Thu Jan 21 10:14:34 EST 2016  Total:  80 of 100

CS252: lab1. hughe127 Thu Jan 21 10:15:43 EST 2016  Total:  40 of 100

CS252: lab1. hughe127 Thu Jan 21 10:16:11 EST 2016  Total:  80 of 100

CS252: lab1. hughe127 Thu Jan 21 10:19:46 EST 2016  Total:  80 of 100

CS252: lab1. hughe127 Thu Jan 21 10:19:58 EST 2016  Total:  80 of 100

CS252: lab1. hughe127 Thu Jan 21 10:21:25 EST 2016  Total:  80 of 100

CS252: lab1. hughe127 Thu Jan 21 10:22:42 EST 2016  Total:  80 of 100

CS252: lab1. hughe127 Thu Jan 21 10:31:41 EST 2016  Total:  80 of 100

CS252: lab1. hughe127 Thu Jan 21 10:40:24 EST 2016  Total:  80 of 100

CS252: lab1. hughe127 Thu Jan 21 10:44:41 EST 2016  Total:  80 of 100

CS252: lab1. hughe127 Thu Jan 21 10:51:17 EST 2016  Total:  40 of 100

CS252: lab1. hughe127 Thu Jan 21 10:52:53 EST 2016  Total:  90 of 100

CS252: lab1. hughe127 Thu Jan 21 11:09:34 EST 2016  Total:  90 of 100

CS252: lab1. hughe127 Thu Jan 21 11:16:44 EST 2016  Total:  90 of 100

CS252: lab1. hughe127 Thu Jan 21 13:36:00 EST 2016  Total:  90 of 100

CS252: lab1. hughe127 Mon Jan 25 10:53:50 EST 2016  Total:  90 of 100

CS252: lab1. hughe127 Mon Jan 25 11:06:01 EST 2016  Total:  90 of 100

CS252: lab1. hughe127 Mon Jan 25 11:06:22 EST 2016  Total:  90 of 100

CS252: lab1. hughe127 Mon Jan 25 11:06:28 EST 2016  Total:  90 of 100

CS252: lab1. hughe127 Mon Jan 25 11:06:38 EST 2016  Total:  90 of 100

CS252: lab1. hughe127 Mon Jan 25 13:30:17 EST 2016  Total:  90 of 100

CS252: lab1. hughe127 Mon Jan 25 16:19:32 EST 2016  Total:  90 of 100

CS252: lab1. hughe127 Mon Jan 25 16:19:59 EST 2016  Total:  5 of 100

CS252: lab1. hughe127 Mon Jan 25 16:20:07 EST 2016  Total:  90 of 100

CS252: lab1. hughe127 Mon Jan 25 16:22:09 EST 2016  Total:  90 of 100

CS252: lab1. hughe127 Mon Jan 25 16:35:04 EST 2016  Total:  90 of 100

CS252: lab1. hughe127 Mon Jan 25 16:35:12 EST 2016  Total:  90 of 100

CS252: lab1. hughe127 Mon Jan 25 16:36:44 EST 2016  Total:  0 of 100

CS252: lab1. hughe127 Mon Jan 25 16:37:01 EST 2016  Total:  90 of 100

CS252: lab1. hughe127 Mon Jan 25 16:38:17 EST 2016  Total:  100 of 100

CS252: lab1. hughe127 Mon Jan 25 16:39:28 EST 2016  Total:  90 of 100

CS252: lab1. hughe127 Mon Jan 25 16:40:05 EST 2016  Total:  100 of 100

CS252: lab1. hughe127 Mon Jan 25 16:43:01 EST 2016  Total:  100 of 100

CS252: lab1. hughe127 Mon Jan 25 16:46:05 EST 2016  Total:  90 of 100

CS252: lab1. hughe127 Mon Jan 25 16:47:12 EST 2016  Total:  90 of 100

CS252: lab1. hughe127 Mon Jan 25 16:49:14 EST 2016  Total:  90 of 100

CS252: lab1. hughe127 Thu Jan 28 09:41:47 EST 2016  Total:  90 of 100

