2,41c2,41
<                     * *                |      **                       **       
<                                        |     *  *                     *  *      
<                    *   *               |                                        
<                                        |    *                        *          
<                         *              |         *                        *     
<                   *                    |                                        
<                                        |   *                        *           
<                                        |                                   *    
<                          *             |          *                             
< *                *                     |                                        
<                                        |  *                        *            
<                                        |                                    *   
<                           *            |           *                            
<  *                                     |                                        
<                 *                      |                                        
<                                        | *                        *             
<                                        |                                     *  
<                            *           |            *                           
<   *                                    |                                        
< _______________*_______________________|*_______________________________________
<                                        |                         *              
<                                        |                                      * 
<                             *          |             *                          
<    *                                   |                                        
<               *                        *                                        
<                                        |                        *               
<                                        |                                       *
<                              *         |              *                         
<     *                                  |                                        
<              *                        *|                                        
<                                        |                       *                
<                               *        |               *                        
<      *                                 |                                        
<             *                        * |                                        
<                                        |                      *                 
<       *                        *       |                *                       
<            *                        *  |                                        
<                                        |                 *   *                  
<        *  *                     *  *   |                                        
<         **                       **    |                  ***                   
---
>                     * *                 |     **                       **       
>                                         |    *  *                     *  *      
>                    *   *                |                                       
>                                         |   *                        *          
>                         *               |        *                        *     
>                   *                     |                                       
>                                         |  *                        *           
>                                         |                                  *    
>                          *              |         *                             
> *                *                      |                                       
>                                         | *                        *            
>                                         |                                   *   
>                           *             |          *                            
>  *                                      |                                       
>                 *                       |                                       
>                                         |*                        *             
>                                         |                                    *  
>                            *            |           *                           
>   *                                     |                                       
> _______________*________________________*_______________________________________
>                                         |                        *              
>                                         |                                     * 
>                             *           |            *                          
>    *                                    |                                       
>               *                        *|                                       
>                                         |                       *               
>                                         |                                      *
>                              *          |             *                         
>     *                                   |                                       
>              *                        * |                                       
>                                         |                      *                
>                               *         |              *                        
>      *                                  |                                       
>             *                        *  |                                       
>                                         |                     *                 
>       *                        *        |               *                       
>            *                        *   |                                       
>                                         |                *   *                  
>        *  *                     *  *    |                                       
>         **                       **     |                 ***                   
