RPN Plotter.
                    * *                |      **                       **       
                                       |     *  *                     *  *      
                   *   *               |                                        
                                       |    *                        *          
                        *              |         *                        *     
                  *                    |                                        
                                       |   *                        *           
                                       |                                   *    
                         *             |          *                             
*                *                     |                                        
                                       |  *                        *            
                                       |                                    *   
                          *            |           *                            
 *                                     |                                        
                *                      |                                        
                                       | *                        *             
                                       |                                     *  
                           *           |            *                           
  *                                    |                                        
_______________*_______________________|*_______________________________________
                                       |                         *              
                                       |                                      * 
                            *          |             *                          
   *                                   |                                        
              *                        *                                        
                                       |                        *               
                                       |                                       *
                             *         |              *                         
    *                                  |                                        
             *                        *|                                        
                                       |                       *                
                              *        |               *                        
     *                                 |                                        
            *                        * |                                        
                                       |                      *                 
      *                        *       |                *                       
           *                        *  |                                        
                                       |                 *   *                  
       *  *                     *  *   |                                        
        **                       **    |                  ***                   
