[master (root-commit) 6b42f91] Make IRCclient
 21 files changed, 1247 insertions(+)
 create mode 100644 .idea/lab7-src.iml
 create mode 100644 .idea/misc.xml
 create mode 100644 .idea/modules.xml
 create mode 100644 .idea/vcs.xml
 create mode 100644 .idea/workspace.xml
 create mode 100644 .local.git.out
 create mode 100644 CMakeLists.txt
 create mode 100644 Makefile
 create mode 100755 TestIRCServer
 create mode 100644 TestIRCServer.c
 create mode 100755 entry
 create mode 100644 entry.c
 create mode 100755 hello
 create mode 100644 hello.c
 create mode 100755 panned
 create mode 100644 panned.c
 create mode 100755 radio
 create mode 100644 radio.c
 create mode 100644 talk-client.c
 create mode 100755 timer
 create mode 100644 timer.c
[master 4f03cf7] Make IRCclient
 5 files changed, 261 insertions(+), 14 deletions(-)
 create mode 100644 IRCClient.cc
 create mode 100644 Makefile.1
[master 03ff109] Make IRCclient
 2 files changed, 8 insertions(+), 1 deletion(-)
[master a3d7557] Make IRCclient
 4 files changed, 35 insertions(+), 46 deletions(-)
[master c72256f] Make IRCclient
 4 files changed, 115 insertions(+), 24 deletions(-)
 create mode 100755 IRCClient
[master c8a29b7] Make IRCclient
 3 files changed, 12 insertions(+), 19 deletions(-)
[master e5669c3] Make IRCclient
 3 files changed, 7 insertions(+), 5 deletions(-)
[master 376345a] Make IRCclient
 3 files changed, 2 insertions(+)
 delete mode 100755 IRCClient
[master 97686da] Make IRCclient
 3 files changed, 28 insertions(+), 5 deletions(-)
[master 66093b1] Make IRCclient
 3 files changed, 10 insertions(+), 6 deletions(-)
[master 7ebf8a9] Make IRCclient
 3 files changed, 7 insertions(+), 5 deletions(-)
[master 8f86c53] Make IRCclient
 3 files changed, 7 insertions(+), 4 deletions(-)
[master 085ca3a] Make IRCclient
 3 files changed, 7 insertions(+), 5 deletions(-)
[master f415313] Make IRCclient
 4 files changed, 8 insertions(+), 5 deletions(-)
 create mode 100755 IRCClient
[master 2429968] Make IRCclient
 3 files changed, 11 insertions(+), 5 deletions(-)
[master 9d3608c] Make IRCclient
 3 files changed, 13 insertions(+), 4 deletions(-)
[master 29826ee] Make IRCclient
 2 files changed, 6 insertions(+), 4 deletions(-)
[master dd0d770] Make IRCclient
 3 files changed, 7 insertions(+), 5 deletions(-)
[master 476e8a4] Make IRCclient
 2 files changed, 2 insertions(+)
 delete mode 100755 IRCClient
[master 520df76] Make IRCclient
 3 files changed, 9 insertions(+), 4 deletions(-)
[master 8f0e9bb] Make IRCclient
 3 files changed, 17 insertions(+), 11 deletions(-)
[master 21ff9f6] Make IRCclient
 4 files changed, 32 insertions(+), 7 deletions(-)
 create mode 100755 IRCClient
[master f4926a5] Make IRCclient
 2 files changed, 3 insertions(+)
 delete mode 100755 IRCClient
[master ec91b65] Make IRCclient
 3 files changed, 9 insertions(+), 6 deletions(-)
[master 7a038d3] Make IRCclient
 3 files changed, 9 insertions(+), 7 deletions(-)
[master 3eaa857] Make IRCclient
 4 files changed, 8 insertions(+), 5 deletions(-)
 create mode 100755 IRCClient
[master 6718de3] Make IRCclient
 4 files changed, 7 insertions(+), 4 deletions(-)
 delete mode 100755 IRCClient
[master 16f290f] Make IRCclient
 3 files changed, 8 insertions(+), 5 deletions(-)
[master f7d2c7c] Make IRCclient
 2 files changed, 2 insertions(+)
 create mode 100755 IRCClient
[master 74f3e8d] Make IRCclient
 3 files changed, 24 insertions(+), 21 deletions(-)
[master 17dd579] Make IRCclient
 2 files changed, 2 insertions(+)
 delete mode 100755 IRCClient
[master 70dd169] Make IRCclient
 3 files changed, 11 insertions(+), 8 deletions(-)
[master 4b70d51] Make IRCclient
 3 files changed, 8 insertions(+), 4 deletions(-)
[master 0e0e95d] Make IRCclient
 3 files changed, 7 insertions(+), 5 deletions(-)
[master fd24f08] Make IRCclient
 3 files changed, 5 insertions(+), 3 deletions(-)
[master f610e6b] Make IRCclient
 3 files changed, 5 insertions(+), 3 deletions(-)
[master 9036320] Make IRCclient
 3 files changed, 7 insertions(+), 5 deletions(-)
[master 6a7ccaf] Make IRCclient
 3 files changed, 7 insertions(+), 5 deletions(-)
[master ac33f0b] Make IRCclient
 3 files changed, 9 insertions(+), 7 deletions(-)
[master ab36182] Make IRCclient
 3 files changed, 23 insertions(+), 23 deletions(-)
[master ee8b948] Make IRCclient
 3 files changed, 8 insertions(+), 6 deletions(-)
[master 27c2108] Make IRCclient
 3 files changed, 8 insertions(+), 6 deletions(-)
[master e251606] Make IRCclient
 1 file changed, 2 insertions(+)
[master 5b3694c] Make IRCclient
 4 files changed, 15 insertions(+), 13 deletions(-)
 create mode 100755 IRCClient
[master 7e699d0] Make IRCclient
 4 files changed, 10 insertions(+), 7 deletions(-)
 delete mode 100755 IRCClient
[master dfb6376] Make IRCclient
 3 files changed, 26 insertions(+), 22 deletions(-)
[master d4e3831] Make IRCclient
 3 files changed, 8 insertions(+), 6 deletions(-)
[master b482b50] Make IRCclient
 3 files changed, 11 insertions(+), 31 deletions(-)
[master ea1074e] Make IRCclient
 3 files changed, 12 insertions(+), 5 deletions(-)
[master 8c73ea9] Make IRCclient
 3 files changed, 12 insertions(+), 9 deletions(-)
[master 0454969] Make IRCclient
 3 files changed, 9 insertions(+), 5 deletions(-)
[master 566136a] Make IRCclient
 3 files changed, 7 insertions(+), 5 deletions(-)
[master 66afd21] Make IRCclient
 3 files changed, 8 insertions(+), 4 deletions(-)
[master 684e310] Make IRCclient
 3 files changed, 9 insertions(+), 11 deletions(-)
[master 112647e] Make IRCclient
 3 files changed, 11 insertions(+), 5 deletions(-)
[master 86919c6] Make IRCclient
 3 files changed, 7 insertions(+), 5 deletions(-)
[master 825fc95] Make IRCclient
 3 files changed, 8 insertions(+), 6 deletions(-)
[master 2083d24] Make IRCclient
 3 files changed, 6 insertions(+), 4 deletions(-)
[master 8f2696d] Make IRCclient
 3 files changed, 12 insertions(+), 6 deletions(-)
[master 487552d] Make IRCclient
 4 files changed, 50 insertions(+), 19 deletions(-)
[master f14351f] Make IRCclient
 3 files changed, 68 insertions(+), 26 deletions(-)
[master 6b6eb36] Make IRCclient
 3 files changed, 4 insertions(+), 15 deletions(-)
[master 7285b4c] Make IRCclient
 3 files changed, 9 insertions(+), 7 deletions(-)
[master 45eb295] Make IRCclient
 3 files changed, 7 insertions(+), 5 deletions(-)
[master daada53] Make IRCclient
 3 files changed, 16 insertions(+), 6 deletions(-)
[master 0c894fa] Make IRCclient
 3 files changed, 8 insertions(+), 6 deletions(-)
[master 3ac9cac] Make IRCclient
 3 files changed, 7 insertions(+), 5 deletions(-)
[master ebf7232] Make IRCclient
 3 files changed, 7 insertions(+), 5 deletions(-)
[master c9b2df6] Make IRCclient
 3 files changed, 8 insertions(+), 6 deletions(-)
[master 6fd399c] Make IRCclient
 3 files changed, 8 insertions(+), 6 deletions(-)
[master 87fe638] Make IRCclient
 3 files changed, 8 insertions(+), 6 deletions(-)
[master 3c459e0] Make IRCclient
 3 files changed, 8 insertions(+), 6 deletions(-)
[master a5bb0df] Make IRCclient
 3 files changed, 7 insertions(+), 5 deletions(-)
[master 1929b24] Make IRCclient
 3 files changed, 7 insertions(+), 5 deletions(-)
[master 2b1fe3a] Make IRCclient
 2 files changed, 3 insertions(+), 1 deletion(-)
[master 98ab465] Make IRCclient
 3 files changed, 7 insertions(+), 5 deletions(-)
[master ac4d144] Make IRCclient
 3 files changed, 7 insertions(+), 5 deletions(-)
[master 9c0548a] Make IRCclient
 3 files changed, 79 insertions(+), 35 deletions(-)
[master b0a3ac0] Make IRCclient
 3 files changed, 7 insertions(+), 4 deletions(-)
[master e83e74a] Make IRCclient
 3 files changed, 8 insertions(+), 5 deletions(-)
[master 1572262] Make IRCclient
 3 files changed, 7 insertions(+), 4 deletions(-)
[master 2cd00d9] Make IRCclient
 3 files changed, 7 insertions(+), 5 deletions(-)
[master f378e26] Make IRCclient
 3 files changed, 8 insertions(+), 5 deletions(-)
[master f038d66] Make IRCclient
 3 files changed, 5 insertions(+), 3 deletions(-)
[master b8ebc88] Make IRCclient
 3 files changed, 7 insertions(+), 4 deletions(-)
[master 2187490] Make IRCclient
 3 files changed, 10 insertions(+), 6 deletions(-)
[master f3cf0e7] Make IRCclient
 3 files changed, 8 insertions(+), 4 deletions(-)
[master 3f1a277] Make IRCclient
 3 files changed, 9 insertions(+), 7 deletions(-)
[master 4f7ac58] Make IRCclient
 2 files changed, 4 insertions(+), 2 deletions(-)
[master 510c42d] Make IRCclient
 1 file changed, 2 insertions(+)
[master 261c3ef] Make IRCclient
 3 files changed, 13 insertions(+), 10 deletions(-)
[master bc446d7] Make IRCclient
 3 files changed, 23 insertions(+), 35 deletions(-)
[master b478494] Make IRCclient
 3 files changed, 5 insertions(+), 3 deletions(-)
[master 9290a19] Make IRCclient
 3 files changed, 6 insertions(+), 5 deletions(-)
[master 3bfa420] Make IRCclient
 3 files changed, 12 insertions(+), 9 deletions(-)
[master 1415a2d] Make IRCclient
 3 files changed, 13 insertions(+), 10 deletions(-)
[master 8e3fed6] Make IRCclient
 3 files changed, 7 insertions(+), 5 deletions(-)
[master 6de202c] Make IRCclient
 3 files changed, 7 insertions(+), 5 deletions(-)
[master 62f38f8] Make IRCclient
 3 files changed, 12 insertions(+), 10 deletions(-)
[master 00345b4] Make IRCclient
 3 files changed, 8 insertions(+), 5 deletions(-)
[master 9cfabc2] Make IRCclient
 3 files changed, 17 insertions(+), 9 deletions(-)
[master d461785] Make IRCclient
 3 files changed, 10 insertions(+), 8 deletions(-)
[master a6a9acb] Make IRCclient
 3 files changed, 11 insertions(+), 6 deletions(-)
[master ee1ce7a] Make IRCclient
 3 files changed, 8 insertions(+), 6 deletions(-)
[master c2a5fbb] Make IRCclient
 3 files changed, 7 insertions(+), 5 deletions(-)
[master 834e18e] Make IRCclient
 3 files changed, 14 insertions(+), 12 deletions(-)
[master 26e51f7] Make IRCclient
 3 files changed, 7 insertions(+), 5 deletions(-)
[master 538b328] Make IRCclient
 3 files changed, 23 insertions(+), 10 deletions(-)
[master 7697a15] Make IRCclient
 3 files changed, 5 insertions(+), 3 deletions(-)
[master b3752d4] Make IRCclient
 4 files changed, 11 insertions(+), 7 deletions(-)
 create mode 100755 .nfs0000000001c71bba00001519
[master 65e20b5] Make IRCclient
 3 files changed, 8 insertions(+), 5 deletions(-)
[master bfadd9b] Make IRCclient
 4 files changed, 11 insertions(+), 7 deletions(-)
 delete mode 100755 .nfs0000000001c71bba00001519
[master ed7ec39] Make IRCclient
 3 files changed, 6 insertions(+), 3 deletions(-)
[master d3af37d] Make IRCclient
 3 files changed, 5 insertions(+), 3 deletions(-)
[master b4f1a2a] Make IRCclient
 3 files changed, 7 insertions(+), 5 deletions(-)
[master e8f46c3] Make IRCclient
 3 files changed, 7 insertions(+), 5 deletions(-)
[master 9a70799] Make IRCclient
 3 files changed, 5 insertions(+), 3 deletions(-)
[master ea4770e] Make IRCclient
 3 files changed, 8 insertions(+), 4 deletions(-)
[master d135ff8] Make IRCclient
 3 files changed, 5 insertions(+), 3 deletions(-)
[master 23d4a79] Make IRCclient
 3 files changed, 11 insertions(+), 5 deletions(-)
[master ab1e46b] Make IRCclient
 3 files changed, 7 insertions(+), 5 deletions(-)
[master 5bf316f] Make IRCclient
 3 files changed, 5 insertions(+), 3 deletions(-)
[master e66f795] Make IRCclient
 3 files changed, 7 insertions(+), 5 deletions(-)
[master 907b519] Make IRCclient
 3 files changed, 5 insertions(+), 3 deletions(-)
[master 6f8c59e] Make IRCclient
 3 files changed, 5 insertions(+), 3 deletions(-)
[master e8a9110] Make IRCclient
 3 files changed, 7 insertions(+), 5 deletions(-)
[master f70628f] Make IRCclient
 3 files changed, 5 insertions(+), 3 deletions(-)
[master 34316d4] Make IRCclient
 3 files changed, 6 insertions(+), 6 deletions(-)
[master 6c82c93] Make IRCclient
 3 files changed, 7 insertions(+), 5 deletions(-)
[master 6c20e3f] Make IRCclient
 3 files changed, 7 insertions(+), 5 deletions(-)
[master 5688700] Make IRCclient
 3 files changed, 12 insertions(+), 8 deletions(-)
[master a6d5cb6] Make IRCclient
 3 files changed, 8 insertions(+), 4 deletions(-)
[master 18fb01d] Make IRCclient
 3 files changed, 7 insertions(+), 5 deletions(-)
[master 97e77d2] Make IRCclient
 3 files changed, 7 insertions(+), 5 deletions(-)
[master 02395e2] Make IRCclient
 3 files changed, 14 insertions(+), 13 deletions(-)
[master c3bf96b] Make IRCclient
 3 files changed, 5 insertions(+), 3 deletions(-)
[master 1e01e64] Make IRCclient
 3 files changed, 5 insertions(+), 3 deletions(-)
[master d9ba6e3] Make IRCclient
 3 files changed, 7 insertions(+), 5 deletions(-)
[master 7ffcc13] Make IRCclient
 3 files changed, 5 insertions(+), 3 deletions(-)
[master 73bf746] Make IRCclient
 4 files changed, 8 insertions(+), 7 deletions(-)
 create mode 100755 .nfs0000000001c7263d00001522
[master df97d5e] Make IRCclient
 3 files changed, 14 insertions(+), 5 deletions(-)
[master 946d874] Make IRCclient
 4 files changed, 8 insertions(+), 6 deletions(-)
 delete mode 100755 .nfs0000000001c7263d00001522
[master 9316c38] Make IRCclient
 3 files changed, 80 insertions(+), 38 deletions(-)
[master ec39a29] Make IRCclient
 2 files changed, 3 insertions(+), 1 deletion(-)
[master 440ce4a] Make IRCclient
 3 files changed, 7 insertions(+), 5 deletions(-)
[master 3d5a1b8] Make IRCclient
 3 files changed, 5 insertions(+), 3 deletions(-)
[master ed05277] Make IRCclient
 3 files changed, 7 insertions(+), 5 deletions(-)
[master 96b811b] Make IRCclient
 3 files changed, 8 insertions(+), 5 deletions(-)
[master 74ea576] Make IRCclient
 3 files changed, 7 insertions(+), 5 deletions(-)
[master d1bf24b] Make IRCclient
 3 files changed, 7 insertions(+), 5 deletions(-)
[master 89a6c5b] Make IRCclient
 3 files changed, 12 insertions(+), 5 deletions(-)
[master 8d60b3e] Make IRCclient
 3 files changed, 7 insertions(+), 5 deletions(-)
[master 0e59209] Make IRCclient
 3 files changed, 7 insertions(+), 5 deletions(-)
[master 4d3d6c3] Make IRCclient
 3 files changed, 9 insertions(+), 7 deletions(-)
[master 36ca416] Make IRCclient
 3 files changed, 38 insertions(+), 41 deletions(-)
[master 9ee6deb] Make IRCclient
 3 files changed, 29 insertions(+), 27 deletions(-)
[master 57572a6] Make IRCclient
 3 files changed, 7 insertions(+), 4 deletions(-)
[master dc700f9] Make IRCclient
 3 files changed, 5 insertions(+), 3 deletions(-)
[master 8f84669] Make IRCclient
 3 files changed, 7 insertions(+), 5 deletions(-)
[master ced21f9] Make IRCclient
 3 files changed, 5 insertions(+), 3 deletions(-)
[master 12c79da] Make IRCclient
 3 files changed, 9 insertions(+), 11 deletions(-)
[master 4b0dbb2] Make IRCclient
 3 files changed, 5 insertions(+), 3 deletions(-)
[master a604761] Make IRCclient
 3 files changed, 7 insertions(+), 5 deletions(-)
[master 9b81052] Make IRCclient
 3 files changed, 7 insertions(+), 10 deletions(-)
[master ed34e55] Make IRCclient
 3 files changed, 5 insertions(+), 3 deletions(-)
[master 062b62b] Make IRCclient
 3 files changed, 5 insertions(+), 3 deletions(-)
[master 80f004e] Make IRCclient
 3 files changed, 7 insertions(+), 5 deletions(-)
[master f5fcbe1] Make IRCclient
 3 files changed, 7 insertions(+), 5 deletions(-)
[master 8272c64] Make IRCclient
 3 files changed, 5 insertions(+), 3 deletions(-)
[master 62436b6] Make IRCclient
 3 files changed, 5 insertions(+), 3 deletions(-)
[master cd3f2c7] Make IRCclient
 3 files changed, 5 insertions(+), 3 deletions(-)
[master 9406042] Make IRCclient
 3 files changed, 5 insertions(+), 3 deletions(-)
[master 893e130] Make IRCclient
 2 files changed, 6 insertions(+), 4 deletions(-)
[master 73b8b87] Make IRCclient
 3 files changed, 55 insertions(+), 10 deletions(-)
[master 3f3532a] Make IRCclient
 3 files changed, 5 insertions(+), 3 deletions(-)
[master 6c3ed63] Make IRCclient
 3 files changed, 5 insertions(+), 3 deletions(-)
[master 552509f] Make IRCclient
 3 files changed, 7 insertions(+), 5 deletions(-)
[master 2bb281c] Make IRCclient
 3 files changed, 5 insertions(+), 3 deletions(-)
[master 4a71f22] Make IRCclient
 3 files changed, 9 insertions(+), 7 deletions(-)
[master e1a1cb8] Make IRCclient
 3 files changed, 7 insertions(+), 5 deletions(-)
[master 6dfe297] Make IRCclient
 3 files changed, 7 insertions(+), 5 deletions(-)
[master 6f0edb4] Make IRCclient
 3 files changed, 7 insertions(+), 5 deletions(-)
[master 4a6fc3f] Make IRCclient
 3 files changed, 5 insertions(+), 3 deletions(-)
[master f836c84] Make IRCclient
 3 files changed, 13 insertions(+), 5 deletions(-)
[master 6db8442] Make IRCclient
 3 files changed, 5 insertions(+), 3 deletions(-)
[master 15c5924] Make IRCclient
 4 files changed, 35 insertions(+), 35 deletions(-)
[master 253bb41] Make IRCclient
 4 files changed, 7 insertions(+), 4 deletions(-)
 create mode 100755 .nfs0000000001c744fd00001535
[master c220976] Make IRCclient
 4 files changed, 13 insertions(+), 9 deletions(-)
 rename .nfs0000000001c744fd00001535 => .nfs0000000001c744fc00001536 (73%)
[master 4679aff] Make IRCclient
 3 files changed, 34 insertions(+), 28 deletions(-)
[master bb78ff7] Make IRCclient
 3 files changed, 29 insertions(+), 27 deletions(-)
[master 1b1dfed] Make IRCclient
 3 files changed, 29 insertions(+), 27 deletions(-)
[master 6ae5828] Make IRCclient
 3 files changed, 29 insertions(+), 27 deletions(-)
[master f1cc385] Make IRCclient
 3 files changed, 27 insertions(+), 25 deletions(-)
[master 27c7703] Make IRCclient
 3 files changed, 31 insertions(+), 29 deletions(-)
[master c724ecb] Make IRCclient
 3 files changed, 29 insertions(+), 27 deletions(-)
[master 37e6bb2] Make IRCclient
 3 files changed, 31 insertions(+), 29 deletions(-)
[master b1524c3] Make IRCclient
 4 files changed, 31 insertions(+), 28 deletions(-)
 delete mode 100755 .nfs0000000001c744fc00001536
[master 5ca3456] Make IRCclient
 4 files changed, 32 insertions(+), 29 deletions(-)
 create mode 100755 .nfs0000000001c744fc00001537
[master ff69ee2] Make IRCclient
 4 files changed, 32 insertions(+), 28 deletions(-)
 rename .nfs0000000001c744fc00001537 => .nfs0000000001c744fd00001538 (88%)
[master ced97d5] Make IRCclient
 4 files changed, 35 insertions(+), 32 deletions(-)
 delete mode 100755 .nfs0000000001c744fd00001538
[master 94ce29e] Make IRCclient
 3 files changed, 32 insertions(+), 29 deletions(-)
[master 84c04bf] Make IRCclient
 3 files changed, 27 insertions(+), 22 deletions(-)
[master 35b80d4] Make IRCclient
 3 files changed, 93 insertions(+), 11 deletions(-)
[master 1cc6ce7] Make IRCclient
 3 files changed, 6 insertions(+), 6 deletions(-)
[master 42a711b] Make IRCclient
 3 files changed, 7 insertions(+), 5 deletions(-)
[master a52c14b] Make IRCclient
 2 files changed, 24 insertions(+)
[master a584041] Make IRCclient
 3 files changed, 39 insertions(+), 37 deletions(-)
[master 2e2c69d] Make IRCclient
 4 files changed, 7 insertions(+), 18 deletions(-)
 create mode 100755 .nfs0000000001c745030000153b
[master ed42e2d] Make IRCclient
 4 files changed, 10 insertions(+), 7 deletions(-)
 delete mode 100755 .nfs0000000001c745030000153b
[master 70fcb9c] Make IRCclient
 3 files changed, 6 insertions(+), 4 deletions(-)
[master 136edde] Make IRCclient
 3 files changed, 8 insertions(+), 6 deletions(-)
[master 97241ec] Make IRCclient
 2 files changed, 3 insertions(+), 1 deletion(-)
[master b77d60f] Make IRCclient
 4 files changed, 7 insertions(+), 5 deletions(-)
 create mode 100755 .nfs0000000001c744fd0000153c
[master 39833ab] Make IRCclient
 4 files changed, 6 insertions(+), 3 deletions(-)
 delete mode 100755 .nfs0000000001c744fd0000153c
[master d2c72bc] Make IRCclient
 3 files changed, 30 insertions(+), 23 deletions(-)
[master 0d266c8] Make IRCclient
 4 files changed, 8 insertions(+), 6 deletions(-)
 create mode 100755 .nfs0000000001c745030000153d
[master 05c8124] Make IRCclient
 4 files changed, 15 insertions(+), 14 deletions(-)
 rename .nfs0000000001c745030000153d => .nfs0000000001c7451e0000153e (91%)
[master af21766] Make IRCclient
 4 files changed, 8 insertions(+), 5 deletions(-)
 delete mode 100755 .nfs0000000001c7451e0000153e
[master 60e1617] Make IRCclient
 3 files changed, 20 insertions(+), 16 deletions(-)
[master 1e97091] Make IRCclient
 3 files changed, 19 insertions(+), 17 deletions(-)
[master ef00d62] Make IRCclient
 4 files changed, 5 insertions(+), 3 deletions(-)
 create mode 100755 .nfs0000000001c718540000153f
[master 757538b] Make IRCclient
 4 files changed, 6 insertions(+), 3 deletions(-)
 delete mode 100755 .nfs0000000001c718540000153f
[master 5ed728d] Make IRCclient
 4 files changed, 20 insertions(+), 16 deletions(-)
 create mode 100755 .nfs0000000001c7178500001540
[master 2c9dcf9] Make IRCclient
 4 files changed, 8 insertions(+), 5 deletions(-)
 rename .nfs0000000001c7178500001540 => .nfs0000000001c7195800001541 (75%)
[master 2e9eaa7] Make IRCclient
 3 files changed, 3 insertions(+), 1 deletion(-)
 delete mode 100755 .nfs0000000001c7195800001541
[master 2662cc5] Make IRCclient
 4 files changed, 19 insertions(+), 16 deletions(-)
 create mode 100755 .nfs0000000001c7178500001542
[master e2c5ea9] Make IRCclient
 4 files changed, 8 insertions(+), 5 deletions(-)
 delete mode 100755 .nfs0000000001c7178500001542
[master 43a3cbe] Make IRCclient
 3 files changed, 21 insertions(+), 18 deletions(-)
[master 2eceb8c] Make IRCclient
 4 files changed, 41 insertions(+), 36 deletions(-)
 create mode 100755 .nfs0000000001c7178500001543
[master 32ef721] Make IRCclient
 3 files changed, 7 insertions(+), 4 deletions(-)
 delete mode 100755 .nfs0000000001c7178500001543
[master 1cc2320] Make IRCclient
 4 files changed, 20 insertions(+), 17 deletions(-)
 create mode 100755 .nfs0000000001c7178500001544
[master 2b36bc5] Make IRCclient
 4 files changed, 44 insertions(+), 31 deletions(-)
 delete mode 100755 .nfs0000000001c7178500001544
[master 6ff7707] Make IRCclient
 3 files changed, 39 insertions(+), 35 deletions(-)
[master 5b48293] Make IRCclient
 4 files changed, 46 insertions(+), 41 deletions(-)
 create mode 100755 .nfs0000000001c7178500001545
[master cdb397b] Make IRCclient
 4 files changed, 45 insertions(+), 42 deletions(-)
 rename .nfs0000000001c7178500001545 => .nfs0000000001c7195800001546 (62%)
[master b600e2e] Make IRCclient
 4 files changed, 69 insertions(+), 41 deletions(-)
 rename .nfs0000000001c7195800001546 => .nfs0000000001c7185400001547 (60%)
[master 9432ded] Make IRCclient
 3 files changed, 54 insertions(+), 29 deletions(-)
[master 8c50618] Make IRCclient
 3 files changed, 31 insertions(+), 29 deletions(-)
[master 2c4a5e0] Make IRCclient
 3 files changed, 73 insertions(+), 78 deletions(-)
[master a0393e4] Make IRCclient
 2 files changed, 4 insertions(+)
[master c7c9f03] Make IRCclient
 3 files changed, 67 insertions(+), 71 deletions(-)
[master f074e70] Make IRCclient
 4 files changed, 140 insertions(+), 49 deletions(-)
 delete mode 100755 .nfs0000000001c7185400001547
[master 874f033] Make IRCclient
 3 files changed, 100 insertions(+), 52 deletions(-)
[master 3e8bb67] Make IRCclient
 3 files changed, 41 insertions(+), 39 deletions(-)
[master 9064848] Make IRCclient
 3 files changed, 41 insertions(+), 39 deletions(-)
[master 74be4a6] Make IRCclient
 3 files changed, 41 insertions(+), 39 deletions(-)
[master 9abcbe6] Make IRCclient
 3 files changed, 41 insertions(+), 39 deletions(-)
[master 685b6bc] Make IRCclient
 3 files changed, 123 insertions(+), 110 deletions(-)
[master c88bd54] Make IRCclient
 3 files changed, 41 insertions(+), 39 deletions(-)
[master 472a978] Make IRCclient
 3 files changed, 41 insertions(+), 39 deletions(-)
[master e0f549e] Make IRCclient
 3 files changed, 41 insertions(+), 39 deletions(-)
[master ebc3cdf] Make IRCclient
 3 files changed, 44 insertions(+), 41 deletions(-)
[master 5348761] Make IRCclient
 4 files changed, 44 insertions(+), 42 deletions(-)
 create mode 100755 .nfs0000000001c72e160000076a
[master 6bef9b1] Make IRCclient
 4 files changed, 46 insertions(+), 41 deletions(-)
 delete mode 100755 .nfs0000000001c72e160000076a
[master 256bdf1] Make IRCclient
 3 files changed, 45 insertions(+), 51 deletions(-)
[master aaab471] Make IRCclient
 3 files changed, 44 insertions(+), 41 deletions(-)
[master 6673c88] Make IRCclient
 3 files changed, 44 insertions(+), 42 deletions(-)
[master 58c9aeb] Make IRCclient
 3 files changed, 43 insertions(+), 41 deletions(-)
[master 7b4b466] Make IRCclient
 3 files changed, 66 insertions(+), 80 deletions(-)
[master c2ddda0] Make IRCclient
 3 files changed, 34 insertions(+), 31 deletions(-)
[master 06bcacf] Make IRCclient
 3 files changed, 35 insertions(+), 35 deletions(-)
[master a7fe544] Make IRCclient
 4 files changed, 34 insertions(+), 33 deletions(-)
 create mode 100755 .nfs0000000001c72e160000076b
[master 464c395] Make IRCclient
 4 files changed, 9 insertions(+), 6 deletions(-)
 delete mode 100755 .nfs0000000001c72e160000076b
[master 8bd3e09] Make IRCclient
 3 files changed, 80 insertions(+), 77 deletions(-)
[master 958809c] Make IRCclient
 3 files changed, 77 insertions(+), 75 deletions(-)
[master 0dd80a4] Make IRCclient
 3 files changed, 37 insertions(+), 32 deletions(-)
[master 481df09] Make IRCclient
 3 files changed, 79 insertions(+), 76 deletions(-)
[master 56bbfc1] Make IRCclient
 2 files changed, 6 insertions(+), 4 deletions(-)
[master 11555e0] Make IRCclient
 3 files changed, 34 insertions(+), 32 deletions(-)
[master cb3ad40] Make IRCclient
 3 files changed, 43 insertions(+), 32 deletions(-)
[master 80aaf44] Make IRCclient
 4 files changed, 43 insertions(+), 41 deletions(-)
 create mode 100755 .nfs0000000001c72ef10000076c
[master 0700743] Make IRCclient
 3 files changed, 5 insertions(+), 2 deletions(-)
 delete mode 100755 .nfs0000000001c72ef10000076c
[master d7361be] Make IRCclient
 3 files changed, 59 insertions(+), 50 deletions(-)
[master a27250b] Make IRCclient
 3 files changed, 41 insertions(+), 39 deletions(-)
[master afb1a07] Make IRCclient
 4 files changed, 43 insertions(+), 43 deletions(-)
 create mode 100755 .nfs0000000001c72e160000076d
[master 898a4f5] Make IRCclient
 3 files changed, 44 insertions(+), 41 deletions(-)
[master e325aaa] Make IRCclient
 4 files changed, 44 insertions(+), 41 deletions(-)
 delete mode 100755 .nfs0000000001c72e160000076d
[master 98523ba] Make IRCclient
 3 files changed, 98 insertions(+), 101 deletions(-)
[master d9b0697] Make IRCclient
 3 files changed, 41 insertions(+), 39 deletions(-)
[master f6bebdf] Make IRCclient
 3 files changed, 41 insertions(+), 39 deletions(-)
[master 88b6fb1] Make IRCclient
 3 files changed, 43 insertions(+), 50 deletions(-)
[master 464a8a4] Make IRCclient
 3 files changed, 41 insertions(+), 39 deletions(-)
[master 61264d1] Make IRCclient
 3 files changed, 41 insertions(+), 39 deletions(-)
[master 4a4a753] Make IRCclient
 3 files changed, 43 insertions(+), 41 deletions(-)
[master 5ad1875] Make IRCclient
 3 files changed, 43 insertions(+), 41 deletions(-)
[master f5259ec] Make IRCclient
 3 files changed, 43 insertions(+), 41 deletions(-)
[master 5459ab8] Make IRCclient
 3 files changed, 43 insertions(+), 41 deletions(-)
[master 277ed6a] Make IRCclient
 3 files changed, 42 insertions(+), 40 deletions(-)
[master 0c11523] Make IRCclient
 3 files changed, 43 insertions(+), 41 deletions(-)
[master 69153f7] Make IRCclient
 3 files changed, 91 insertions(+), 89 deletions(-)
[master 087c3a4] Make IRCclient
 3 files changed, 90 insertions(+), 85 deletions(-)
[master 1e22beb] Make IRCclient
 3 files changed, 28 insertions(+), 31 deletions(-)
[master 31187ca] Make IRCclient
 3 files changed, 11 insertions(+), 4 deletions(-)
[master 600ca12] Make IRCclient
 3 files changed, 7 insertions(+), 5 deletions(-)
[master 67a6551] Make IRCclient
 3 files changed, 7 insertions(+), 5 deletions(-)
[master 918699a] Make IRCclient
 3 files changed, 34 insertions(+), 32 deletions(-)
[master 145e126] Make IRCclient
 4 files changed, 7 insertions(+), 5 deletions(-)
 create mode 100755 .nfs0000000001c72e160000076e
[master 414f5de] Make IRCclient
 3 files changed, 6 insertions(+), 3 deletions(-)
[master 91d23f1] Make IRCclient
 4 files changed, 7 insertions(+), 5 deletions(-)
 delete mode 100755 .nfs0000000001c72e160000076e
[master 9a5154e] Make IRCclient
 3 files changed, 8 insertions(+), 5 deletions(-)
[master 1917980] Make IRCclient
 3 files changed, 17 insertions(+), 6 deletions(-)
[master f64b377] Make IRCclient
 3 files changed, 135 insertions(+), 79 deletions(-)
[master df7b047] Make IRCclient
 3 files changed, 87 insertions(+), 85 deletions(-)
[master 9ede3b6] Make IRCclient
 3 files changed, 86 insertions(+), 104 deletions(-)
[master b5969cc] Make IRCclient
 3 files changed, 77 insertions(+), 75 deletions(-)
[master 7620d05] Make IRCclient
 3 files changed, 77 insertions(+), 35 deletions(-)
[master ccfc309] Make IRCclient
 4 files changed, 78 insertions(+), 74 deletions(-)
 create mode 100644 password.txt
[master 9c3cbc5] Make IRCclient
 4 files changed, 78 insertions(+), 75 deletions(-)
 create mode 100755 .nfs0000000001c72e1600000770
[master cce2117] Make IRCclient
 4 files changed, 76 insertions(+), 73 deletions(-)
 delete mode 100755 .nfs0000000001c72e1600000770
[master df21303] Make IRCclient
 3 files changed, 132 insertions(+), 141 deletions(-)
[master 0e4c67f] Make IRCclient
 3 files changed, 46 insertions(+), 45 deletions(-)
[master 3a0b9d7] Make IRCclient
 4 files changed, 132 insertions(+), 132 deletions(-)
 create mode 100755 .nfs0000000001c72efc00000771
[master 6fb08d1] Make IRCclient
 3 files changed, 128 insertions(+), 125 deletions(-)
[master 23d0123] Make IRCclient
 3 files changed, 130 insertions(+), 128 deletions(-)
[master 5d00bde] Make IRCclient
 3 files changed, 84 insertions(+), 112 deletions(-)
[master e7c9a98] Make IRCclient
 3 files changed, 67 insertions(+), 75 deletions(-)
[master 5c40852] Make IRCclient
 3 files changed, 67 insertions(+), 65 deletions(-)
[master 93a611d] Make IRCclient
 4 files changed, 50 insertions(+), 44 deletions(-)
 rename .nfs0000000001c72efc00000771 => .nfs0000000001c72e1600000772 (56%)
[master 2a532a8] Make IRCclient
 4 files changed, 12 insertions(+), 9 deletions(-)
 delete mode 100755 .nfs0000000001c72e1600000772
[master 651344e] Make IRCclient
 3 files changed, 6 insertions(+), 11 deletions(-)
[master 61d945c] Make IRCclient
 3 files changed, 28 insertions(+), 5 deletions(-)
[master 520ff27] Make IRCclient
 3 files changed, 7 insertions(+), 14 deletions(-)
[master e7c357a] Make IRCclient
 3 files changed, 59 insertions(+), 57 deletions(-)
[master 4d57012] Make IRCclient
 2 files changed, 6 insertions(+), 4 deletions(-)
[master 6be5fa9] Make IRCclient
 3 files changed, 59 insertions(+), 56 deletions(-)
[master 395e6f5] Make IRCclient
 3 files changed, 57 insertions(+), 54 deletions(-)
[master 3bff6c5] Make IRCclient
 3 files changed, 55 insertions(+), 53 deletions(-)
[master feb93e1] Make IRCclient
 3 files changed, 59 insertions(+), 56 deletions(-)
[master e9b1405] Make IRCclient
 3 files changed, 60 insertions(+), 68 deletions(-)
[master 7d76705] Make IRCclient
 3 files changed, 57 insertions(+), 55 deletions(-)
[master 3abcf61] Make IRCclient
 3 files changed, 57 insertions(+), 55 deletions(-)
[master dd32d8b] Make IRCclient
 3 files changed, 57 insertions(+), 55 deletions(-)
[master 72895a5] Make IRCclient
 3 files changed, 58 insertions(+), 55 deletions(-)
[master 2261575] Make IRCclient
 3 files changed, 57 insertions(+), 55 deletions(-)
[master 086a762] Make IRCclient
 3 files changed, 58 insertions(+), 56 deletions(-)
[master 5f44755] Make IRCclient
 3 files changed, 58 insertions(+), 55 deletions(-)
[master 6659c37] Make IRCclient
 3 files changed, 80 insertions(+), 75 deletions(-)
[master 5dd3a46] Make IRCclient
 3 files changed, 75 insertions(+), 73 deletions(-)
[master 697f2a7] Make IRCclient
 3 files changed, 61 insertions(+), 59 deletions(-)
[master c3d22bb] Make IRCclient
 3 files changed, 57 insertions(+), 54 deletions(-)
[master 14f3838] Make IRCclient
 3 files changed, 69 insertions(+), 65 deletions(-)
[master 79b7606] Make IRCclient
 3 files changed, 67 insertions(+), 65 deletions(-)
[master 03eed46] Make IRCclient
 3 files changed, 78 insertions(+), 76 deletions(-)
[master f8d5504] Make IRCclient
 3 files changed, 27 insertions(+), 25 deletions(-)
[master 47d8999] Make IRCclient
 3 files changed, 68 insertions(+), 64 deletions(-)
[master 63ac380] Make IRCclient
 3 files changed, 79 insertions(+), 76 deletions(-)
[master 554e9a3] Make IRCclient
 3 files changed, 51 insertions(+), 56 deletions(-)
[master 0583b7e] Make IRCclient
 3 files changed, 47 insertions(+), 45 deletions(-)
[master 0a7b8e4] Make IRCclient
 3 files changed, 57 insertions(+), 49 deletions(-)
[master 4fee808] Make IRCclient
 3 files changed, 49 insertions(+), 47 deletions(-)
[master 6a046a2] Make IRCclient
 2 files changed, 3 insertions(+), 1 deletion(-)
[master 32989bc] Make IRCclient
 3 files changed, 53 insertions(+), 51 deletions(-)
[master 72a109e] Make IRCclient
 2 files changed, 11 insertions(+), 9 deletions(-)
[master 4686d43] Make IRCclient
 3 files changed, 49 insertions(+), 46 deletions(-)
[master 1672f64] Make IRCclient
 4 files changed, 47 insertions(+), 45 deletions(-)
 create mode 100755 .nfs0000000001c72f7900000774
[master b9fa138] Make IRCclient
 4 files changed, 46 insertions(+), 43 deletions(-)
 delete mode 100755 .nfs0000000001c72f7900000774
[master 0fc9110] Make IRCclient
 2 files changed, 15 insertions(+), 5 deletions(-)
[master fe40f21] Make IRCclient
 3 files changed, 53 insertions(+), 50 deletions(-)
[master ef15735] Make IRCclient
 3 files changed, 47 insertions(+), 45 deletions(-)
[master 20b1c3e] Make IRCclient
 3 files changed, 48 insertions(+), 44 deletions(-)
[master 7c0c551] Make IRCclient
 3 files changed, 47 insertions(+), 46 deletions(-)
[master d2565ef] Make IRCclient
 3 files changed, 47 insertions(+), 45 deletions(-)
[master f465ef2] Make IRCclient
 3 files changed, 47 insertions(+), 46 deletions(-)
[master eb9981a] Make IRCclient
 4 files changed, 50 insertions(+), 46 deletions(-)
[master ee3e2cd] Make IRCclient
 3 files changed, 7 insertions(+), 5 deletions(-)
[master 788c7b8] Make IRCclient
 3 files changed, 45 insertions(+), 42 deletions(-)
[master 3c815e9] Make IRCclient
 3 files changed, 45 insertions(+), 43 deletions(-)
[master fece5d6] Make IRCclient
 3 files changed, 47 insertions(+), 45 deletions(-)
[master 98dc73f] Make IRCclient
 3 files changed, 47 insertions(+), 45 deletions(-)
[master 5b6d5a1] Make IRCclient
 3 files changed, 47 insertions(+), 47 deletions(-)
[master a9487e6] Make IRCclient
 3 files changed, 45 insertions(+), 43 deletions(-)
[master df461c8] Make IRCclient
 3 files changed, 49 insertions(+), 47 deletions(-)
[master e67fcd2] Make IRCclient
 3 files changed, 47 insertions(+), 45 deletions(-)
[master 81c8163] Make IRCclient
 3 files changed, 47 insertions(+), 44 deletions(-)
[master 0d31ebf] Make IRCclient
 3 files changed, 49 insertions(+), 47 deletions(-)
[master ffead4a] Make IRCclient
 3 files changed, 49 insertions(+), 47 deletions(-)
[master e3aa40d] Make IRCclient
 3 files changed, 47 insertions(+), 45 deletions(-)
[master ede65a5] Make IRCclient
 3 files changed, 47 insertions(+), 45 deletions(-)
[master 9f99fe0] Make IRCclient
 3 files changed, 47 insertions(+), 45 deletions(-)
[master 36db359] Make IRCclient
 1 file changed, 2 insertions(+)
[master 19d1d37] Make IRCclient
 3 files changed, 47 insertions(+), 46 deletions(-)
[master 9dca441] Make IRCclient
 3 files changed, 45 insertions(+), 43 deletions(-)
[master bc44022] Make IRCclient
 3 files changed, 87 insertions(+), 54 deletions(-)
[master 90597ab] Make IRCclient
 2 files changed, 6 insertions(+), 4 deletions(-)
[master ffb83bf] Make IRCclient
 3 files changed, 116 insertions(+), 95 deletions(-)
[master f9317d9] Make IRCclient
 3 files changed, 80 insertions(+), 75 deletions(-)
[master 3e0bc6b] Make IRCclient
 3 files changed, 78 insertions(+), 74 deletions(-)
[master c8b7a4d] Make IRCclient
 3 files changed, 77 insertions(+), 75 deletions(-)
[master ca33bc7] Make IRCclient
 3 files changed, 77 insertions(+), 75 deletions(-)
[master a983f4e] Make IRCclient
 5 files changed, 126 insertions(+), 94 deletions(-)
 create mode 100755 IRCClient
[master 8408fd1] Make IRCclient
 4 files changed, 118 insertions(+), 115 deletions(-)
[master 54a201e] Make IRCclient
 4 files changed, 117 insertions(+), 115 deletions(-)
[master 5561814] Make IRCclient
 4 files changed, 7 insertions(+), 5 deletions(-)
[master a563a1c] Make IRCclient
 4 files changed, 119 insertions(+), 114 deletions(-)
 rewrite IRCClient (83%)
[master 39df93f] Make IRCclient
 4 files changed, 116 insertions(+), 113 deletions(-)
[master 0dc10fe] Make IRCclient
 4 files changed, 117 insertions(+), 115 deletions(-)
 rewrite IRCClient (83%)
[master a340748] Make IRCclient
 4 files changed, 108 insertions(+), 120 deletions(-)
[master e1e98bf] Make IRCclient
 4 files changed, 107 insertions(+), 105 deletions(-)
 rewrite IRCClient (90%)
[master 3cdf7e0] Make IRCclient
 4 files changed, 106 insertions(+), 103 deletions(-)
 rewrite IRCClient (72%)
[master 25b5521] Make IRCclient
 4 files changed, 109 insertions(+), 106 deletions(-)
[master ef95fea] Make IRCclient
 4 files changed, 67 insertions(+), 65 deletions(-)
[master 0994bc5] Make IRCclient
 4 files changed, 65 insertions(+), 63 deletions(-)
[master b77943b] Make IRCclient
 4 files changed, 67 insertions(+), 64 deletions(-)
 rewrite IRCClient (73%)
[master d43dfab] Make IRCclient
 4 files changed, 66 insertions(+), 63 deletions(-)
 rewrite IRCClient (70%)
[master 0904533] Make IRCclient
 4 files changed, 67 insertions(+), 65 deletions(-)
[master 47c038b] Make IRCclient
 4 files changed, 107 insertions(+), 105 deletions(-)
[master 3de6206] Make IRCclient
 5 files changed, 98 insertions(+), 110 deletions(-)
 rewrite IRCClient (94%)
[master 230e2cf] Make IRCclient
 4 files changed, 109 insertions(+), 116 deletions(-)
[master d1c6c28] Make IRCclient
 5 files changed, 19 insertions(+), 11 deletions(-)
 rewrite IRCClient (94%)
[master 55fd325] Make IRCclient
 4 files changed, 23 insertions(+), 130 deletions(-)
 rewrite IRCClient (75%)
[master d3c319a] Make IRCclient
 2 files changed, 8 insertions(+), 5 deletions(-)
[master b053db8] Make IRCclient
 4 files changed, 7 insertions(+), 5 deletions(-)
 rewrite IRCClient (79%)
[master 322ae9e] Make IRCclient
 2 files changed, 7 insertions(+), 4 deletions(-)
[master 40df435] Make IRCclient
 4 files changed, 7 insertions(+), 5 deletions(-)
[master 12c36e4] Make IRCclient
 5 files changed, 7 insertions(+), 5 deletions(-)
 rename IRCClient => .nfs0000000001c7330300002054 (100%)
 rewrite IRCClient (62%)
[master 2fe0add] Make IRCclient
 4 files changed, 9 insertions(+), 5 deletions(-)
 rename .nfs0000000001c7330300002054 => IRCClient (100%)
[master 5a3d920] Make IRCclient
 5 files changed, 63 insertions(+), 19 deletions(-)
 create mode 100755 .nfs0000000001c74b6400002055
[master 32531aa] Make IRCclient
 6 files changed, 36 insertions(+), 33 deletions(-)
 rename IRCClient => .nfs0000000001c7330300002056 (100%)
 delete mode 100755 .nfs0000000001c74b6400002055
 rewrite IRCClient (61%)
[master 9de44e4] Make IRCclient
 5 files changed, 41 insertions(+), 36 deletions(-)
 create mode 100755 .nfs0000000001c74b6900002057
 rename .nfs0000000001c7330300002056 => IRCClient (65%)
[master 906869c] Make IRCclient
 5 files changed, 9 insertions(+), 5 deletions(-)
 delete mode 100755 .nfs0000000001c74b6900002057
[master 8eb25ea] Make IRCclient
 5 files changed, 45 insertions(+), 40 deletions(-)
 rename IRCClient => .nfs0000000001c7330300002061 (100%)
 rewrite IRCClient (73%)
[master 30ebe16] Make IRCclient
 5 files changed, 43 insertions(+), 41 deletions(-)
 rename IRCClient => .nfs0000000001c74b6400002062 (100%)
 rename .nfs0000000001c7330300002061 => IRCClient (95%)
[master e687776] Make IRCclient
 5 files changed, 41 insertions(+), 35 deletions(-)
 delete mode 100755 .nfs0000000001c74b6400002062
 rewrite IRCClient (92%)
[master 3ee85f6] Make IRCclient
 4 files changed, 10 insertions(+), 6 deletions(-)
[master 5715185] Make IRCclient
 5 files changed, 9 insertions(+), 6 deletions(-)
[master e60ea09] Make IRCclient
 5 files changed, 88 insertions(+), 36 deletions(-)
 rename IRCClient => .nfs0000000001c7330300000783 (100%)
 rewrite IRCClient (85%)
[master 9b56b19] Make IRCclient
 5 files changed, 70 insertions(+), 86 deletions(-)
 rename IRCClient => .nfs0000000001c74a0400000784 (100%)
 rename .nfs0000000001c7330300000783 => IRCClient (63%)
[master 9a0f22d] Make IRCclient
 6 files changed, 69 insertions(+), 65 deletions(-)
 create mode 100755 .nfs0000000001c7330300000785
 delete mode 100755 .nfs0000000001c74a0400000784
[master aacb646] Make IRCclient
 5 files changed, 67 insertions(+), 63 deletions(-)
 rename .nfs0000000001c7330300000785 => .nfs0000000001c74a0400000786 (65%)
[master a1d4843] Make IRCclient
 6 files changed, 68 insertions(+), 65 deletions(-)
 rename IRCClient => .nfs0000000001c7318200000787 (100%)
 delete mode 100755 .nfs0000000001c74a0400000786
 rewrite IRCClient (77%)
[master b259526] Make IRCclient
 5 files changed, 68 insertions(+), 63 deletions(-)
 rename IRCClient => .nfs0000000001c7330300000788 (100%)
 rename .nfs0000000001c7318200000787 => IRCClient (100%)
[master 36724f5] Make IRCclient
 4 files changed, 70 insertions(+), 66 deletions(-)
[master 1593095] Make IRCclient
 6 files changed, 68 insertions(+), 66 deletions(-)
 create mode 100755 .nfs0000000001c7318200000789
 delete mode 100755 .nfs0000000001c7330300000788
[master 7eb1c2d] Make IRCclient
 5 files changed, 73 insertions(+), 64 deletions(-)
 rename .nfs0000000001c7318200000789 => .nfs0000000001c74a040000078a (63%)
[master b4c3731] Make IRCclient
 5 files changed, 10 insertions(+), 5 deletions(-)
 rename .nfs0000000001c74a040000078a => .nfs0000000001c731820000078b (66%)
[master d905d4e] Make IRCclient
 6 files changed, 69 insertions(+), 65 deletions(-)
 delete mode 100755 .nfs0000000001c731820000078b
 rename IRCClient => .nfs0000000001c733030000078c (100%)
 rewrite IRCClient (86%)
[master f1d4228] Make IRCclient
 6 files changed, 72 insertions(+), 67 deletions(-)
 delete mode 100755 .nfs0000000001c733030000078c
 create mode 100755 .nfs0000000001c74a040000078d
[master d67cc8e] Make IRCclient
 5 files changed, 72 insertions(+), 66 deletions(-)
 rename .nfs0000000001c74a040000078d => .nfs0000000001c731820000078e (86%)
[master 7ab88d6] Make IRCclient
 5 files changed, 68 insertions(+), 69 deletions(-)
 delete mode 100755 .nfs0000000001c731820000078e
 rewrite IRCClient (72%)
[master 388f456] Make IRCclient
 5 files changed, 69 insertions(+), 65 deletions(-)
 create mode 100755 .nfs0000000001c733030000078f
[master af80acc] Make IRCclient
 5 files changed, 66 insertions(+), 63 deletions(-)
 delete mode 100755 .nfs0000000001c733030000078f
[master 98f3077] Make IRCclient
 4 files changed, 74 insertions(+), 71 deletions(-)
 rewrite IRCClient (75%)
[master 54ed38d] Make IRCclient
 4 files changed, 69 insertions(+), 64 deletions(-)
[master a34238c] Make IRCclient
 5 files changed, 74 insertions(+), 71 deletions(-)
 rename IRCClient => .nfs0000000001c7318200000790 (100%)
 rewrite IRCClient (61%)
[master 9405a9a] Make IRCclient
 5 files changed, 67 insertions(+), 63 deletions(-)
 rename IRCClient => .nfs0000000001c7330300000791 (100%)
 rename .nfs0000000001c7318200000790 => IRCClient (62%)
[master 4b140a7] Make IRCclient
 5 files changed, 69 insertions(+), 65 deletions(-)
 delete mode 100755 .nfs0000000001c7330300000791
[master 816e403] Make IRCclient
 5 files changed, 70 insertions(+), 66 deletions(-)
 create mode 100755 .nfs0000000001c7318200000792
[master 06d3cfd] Make IRCclient
 5 files changed, 66 insertions(+), 63 deletions(-)
 rename .nfs0000000001c7318200000792 => .nfs0000000001c7330300000793 (63%)
[master 0fbea45] Make IRCclient
 4 files changed, 68 insertions(+), 65 deletions(-)
 rename .nfs0000000001c7330300000793 => IRCClient (63%)
[master 8d5f592] Make IRCclient
 4 files changed, 71 insertions(+), 68 deletions(-)
[master 788fe62] Make IRCclient
 4 files changed, 69 insertions(+), 67 deletions(-)
[master ebcc499] Make IRCclient
 5 files changed, 66 insertions(+), 64 deletions(-)
 create mode 100755 .nfs0000000001c7318200000794
[master 337ef2f] Make IRCclient
 5 files changed, 68 insertions(+), 65 deletions(-)
 rename .nfs0000000001c7318200000794 => .nfs0000000001c7330300000795 (63%)
[master 92d94f6] Make IRCclient
 4 files changed, 70 insertions(+), 68 deletions(-)
 rewrite IRCClient (70%)
[master b27a995] Make IRCclient
 6 files changed, 68 insertions(+), 65 deletions(-)
 create mode 100755 .nfs0000000001c7318200000796
 delete mode 100755 .nfs0000000001c7330300000795
[master c2d792b] Make IRCclient
 5 files changed, 70 insertions(+), 66 deletions(-)
 rename .nfs0000000001c7318200000796 => .nfs0000000001c74a0400000797 (63%)
[master 39a74cd] Make IRCclient
 6 files changed, 70 insertions(+), 67 deletions(-)
 rename IRCClient => .nfs0000000001c7318200000798 (100%)
 delete mode 100755 .nfs0000000001c74a0400000797
 rewrite IRCClient (85%)
[master 34dfb71] Make IRCclient
 6 files changed, 70 insertions(+), 65 deletions(-)
 delete mode 100755 .nfs0000000001c7318200000798
 create mode 100755 .nfs0000000001c7330300000799
[master 8d8a1e5] Make IRCclient
 4 files changed, 67 insertions(+), 63 deletions(-)
 rename .nfs0000000001c7330300000799 => IRCClient (100%)
[master f3b5e51] Make IRCclient
 5 files changed, 74 insertions(+), 71 deletions(-)
 rename IRCClient => .nfs0000000001c731820000079a (100%)
 rewrite IRCClient (69%)
[master 8d0323f] Make IRCclient
 6 files changed, 69 insertions(+), 65 deletions(-)
 delete mode 100755 .nfs0000000001c731820000079a
 create mode 100755 .nfs0000000001c733030000079b
[master 579ed4f] Make IRCclient
 5 files changed, 69 insertions(+), 66 deletions(-)
 create mode 100755 .nfs0000000001c74a040000079c
 rename .nfs0000000001c733030000079b => IRCClient (62%)
[master 2a62880] Make IRCclient
 5 files changed, 70 insertions(+), 67 deletions(-)
 rename .nfs0000000001c74a040000079c => .nfs0000000001c731820000079d (52%)
[master 19362fc] Make IRCclient
 4 files changed, 68 insertions(+), 65 deletions(-)
 rename .nfs0000000001c731820000079d => .nfs0000000001c74a040000079e (62%)
[master 59e15bf] Make IRCclient
 5 files changed, 74 insertions(+), 67 deletions(-)
 rename .nfs0000000001c74a040000079e => .nfs0000000001c733030000079f (100%)
[master 211778a] Make IRCclient
 4 files changed, 71 insertions(+), 67 deletions(-)
 rename .nfs0000000001c733030000079f => IRCClient (61%)
[master 0bb79ae] Make IRCclient
 5 files changed, 68 insertions(+), 65 deletions(-)
 create mode 100755 .nfs0000000001c73303000007a0
[master ea7a3d4] Make IRCclient
 5 files changed, 250 insertions(+), 252 deletions(-)
 rename .nfs0000000001c73303000007a0 => .nfs0000000001c73182000007a1 (62%)
[master 027cbd4] Make IRCclient
 4 files changed, 66 insertions(+), 62 deletions(-)
 rename .nfs0000000001c73182000007a1 => IRCClient (52%)
[master 7250119] Make IRCclient
 4 files changed, 64 insertions(+), 61 deletions(-)
[master 376014d] Make IRCclient
 5 files changed, 67 insertions(+), 65 deletions(-)
 create mode 100755 .nfs0000000001c73182000007ab
[master e624fc6] Make IRCclient
 5 files changed, 68 insertions(+), 65 deletions(-)
 rename .nfs0000000001c73182000007ab => .nfs0000000001c73303000007ac (64%)
[master 336e29f] Make IRCclient
 5 files changed, 63 insertions(+), 65 deletions(-)
 rename .nfs0000000001c73303000007ac => .nfs0000000001c74a04000007ad (66%)
[master 3a7a38e] Make IRCclient
 4 files changed, 59 insertions(+), 54 deletions(-)
 rename .nfs0000000001c74a04000007ad => IRCClient (50%)
[master 1291e3b] Make IRCclient
 4 files changed, 60 insertions(+), 55 deletions(-)
[master 7685343] Make IRCclient
 4 files changed, 57 insertions(+), 55 deletions(-)
[master 15eaf4b] Make IRCclient
 5 files changed, 55 insertions(+), 53 deletions(-)
 create mode 100755 .nfs0000000001c73182000007b0
[master 5f930df] Make IRCclient
 5 files changed, 59 insertions(+), 56 deletions(-)
 rename .nfs0000000001c73182000007b0 => .nfs0000000001c74a0b000007b1 (68%)
[master 0f92f87] Make IRCclient
 4 files changed, 7 insertions(+), 6 deletions(-)
 rename .nfs0000000001c74a0b000007b1 => IRCClient (100%)
[master 5cfdd50] Make IRCclient
 3 files changed, 60 insertions(+), 57 deletions(-)
[master e11027c] Make IRCclient
 3 files changed, 6 insertions(+), 4 deletions(-)
[master 6337169] Make IRCclient
 4 files changed, 56 insertions(+), 58 deletions(-)
[master ae6263c] Make IRCclient
 4 files changed, 57 insertions(+), 55 deletions(-)
[master d40b1ca] Make IRCclient
 3 files changed, 61 insertions(+), 60 deletions(-)
[master f83c3d4] Make IRCclient
 4 files changed, 57 insertions(+), 55 deletions(-)
[master 1dcc902] Make IRCclient
 4 files changed, 57 insertions(+), 55 deletions(-)
[master 0ec51db] Make IRCclient
 4 files changed, 58 insertions(+), 55 deletions(-)
[master 76a71e5] Make IRCclient
 4 files changed, 59 insertions(+), 54 deletions(-)
[master 2d2110a] Make IRCclient
 5 files changed, 57 insertions(+), 55 deletions(-)
 create mode 100755 .nfs0000000001c73182000007b3
[master da32ff7] Make IRCclient
 5 files changed, 56 insertions(+), 53 deletions(-)
 rename .nfs0000000001c73182000007b3 => .nfs0000000001c74a04000007b4 (68%)
[master 6a84449] Make IRCclient
 5 files changed, 58 insertions(+), 55 deletions(-)
 create mode 100755 .nfs0000000001c74a0b000007b5
 rename .nfs0000000001c74a04000007b4 => IRCClient (100%)
[master 197829a] Make IRCclient
 6 files changed, 61 insertions(+), 58 deletions(-)
 rename IRCClient => .nfs0000000001c73182000007b6 (100%)
 delete mode 100755 .nfs0000000001c74a0b000007b5
 rewrite IRCClient (75%)
[master 86efda5] Make IRCclient
 6 files changed, 106 insertions(+), 56 deletions(-)
 delete mode 100755 .nfs0000000001c73182000007b6
 rename IRCClient => .nfs0000000001c74a0b000007b7 (100%)
 rewrite IRCClient (81%)
[master 9fd2176] Make IRCclient
 1 file changed, 5 insertions(+)
[master c974b32] Make IRCclient
 6 files changed, 58 insertions(+), 54 deletions(-)
 rename IRCClient => .nfs0000000001c73182000007b8 (100%)
 delete mode 100755 .nfs0000000001c74a0b000007b7
 rewrite IRCClient (77%)
[master 9d78ceb] Make IRCclient
 6 files changed, 61 insertions(+), 55 deletions(-)
 delete mode 100755 .nfs0000000001c73182000007b8
 create mode 100755 .nfs0000000001c73f1a000007b9
[master 7856fd2] Make IRCclient
 5 files changed, 59 insertions(+), 55 deletions(-)
 delete mode 100755 .nfs0000000001c73f1a000007b9
[master cc44ee6] Make IRCclient
 5 files changed, 58 insertions(+), 54 deletions(-)
 create mode 100755 .nfs0000000001c72f64000007ba
[master 6304552] Make IRCclient
 5 files changed, 59 insertions(+), 55 deletions(-)
 rename .nfs0000000001c72f64000007ba => .nfs0000000001c72efc000007bb (61%)
[master 4e78b97] Make IRCclient
 5 files changed, 9 insertions(+), 6 deletions(-)
 create mode 100755 .nfs0000000001c72f64000007bc
 rename .nfs0000000001c72efc000007bb => IRCClient (61%)
[master e999262] Make IRCclient
 5 files changed, 59 insertions(+), 55 deletions(-)
 rename .nfs0000000001c72f64000007bc => .nfs0000000001c72efc000007bd (68%)
[master 80c5dbf] Make IRCclient
 4 files changed, 60 insertions(+), 54 deletions(-)
 rename .nfs0000000001c72efc000007bd => IRCClient (62%)
[master dc4405b] Make IRCclient
 4 files changed, 100 insertions(+), 57 deletions(-)
[master 5845e6d] Make IRCclient
 4 files changed, 90 insertions(+), 94 deletions(-)
[master 752cedb] Make IRCclient
 4 files changed, 92 insertions(+), 86 deletions(-)
[master 01bb0dc] Make IRCclient
 5 files changed, 77 insertions(+), 85 deletions(-)
 create mode 100755 .nfs0000000001c72efc000007c4
[master 1af8881] Make IRCclient
 5 files changed, 59 insertions(+), 76 deletions(-)
 rename .nfs0000000001c72efc000007c4 => .nfs0000000001c74a7c000007c5 (65%)
[master 1b53250] Make IRCclient
 5 files changed, 67 insertions(+), 62 deletions(-)
 delete mode 100755 .nfs0000000001c74a7c000007c5
[master 1fa0dbf] Make IRCclient
 4 files changed, 57 insertions(+), 56 deletions(-)
[master 0a55629] Make IRCclient
 4 files changed, 57 insertions(+), 54 deletions(-)
[master 4432a31] Make IRCclient
 4 files changed, 58 insertions(+), 59 deletions(-)
[master 27c8656] Make IRCclient
 4 files changed, 60 insertions(+), 56 deletions(-)
 rewrite IRCClient (77%)
[master 4570e14] Make IRCclient
 4 files changed, 56 insertions(+), 53 deletions(-)
[master 784a340] Make IRCclient
 4 files changed, 55 insertions(+), 53 deletions(-)
 rewrite IRCClient (77%)
[master 155794f] Make IRCclient
 4 files changed, 59 insertions(+), 56 deletions(-)
 rewrite IRCClient (77%)
[master f876980] Make IRCclient
 4 files changed, 56 insertions(+), 53 deletions(-)
 rewrite IRCClient (77%)
[master d5aa643] Make IRCclient
 2 files changed, 7 insertions(+), 4 deletions(-)
[master 0221732] Make IRCclient
 4 files changed, 7 insertions(+), 5 deletions(-)
[master 9903b4c] Make IRCclient
 4 files changed, 64 insertions(+), 58 deletions(-)
[master 4e1e819] Make IRCclient
 4 files changed, 7 insertions(+), 5 deletions(-)
[master fcc1fae] Make IRCclient
 4 files changed, 51 insertions(+), 47 deletions(-)
[master df106b9] Make IRCclient
 5 files changed, 53 insertions(+), 60 deletions(-)
[master 566f273] Make IRCclient
 4 files changed, 149 insertions(+), 44 deletions(-)
 rewrite IRCClient (82%)
[master 35bdf65] Make IRCclient
 2 files changed, 5 insertions(+), 2 deletions(-)
[master 51125a2] Make IRCclient
 4 files changed, 8 insertions(+), 6 deletions(-)
[master 1b61851] Make IRCclient
 5 files changed, 8 insertions(+), 4 deletions(-)
 rename IRCClient => .nfs0000000001c72f6400001946 (100%)
 rewrite IRCClient (76%)
[master 96e18f2] Make IRCclient
 5 files changed, 61 insertions(+), 86 deletions(-)
 delete mode 100755 .nfs0000000001c72f6400001946
[master fc38479] Make IRCclient
 4 files changed, 140 insertions(+), 6 deletions(-)
 rewrite IRCClient (80%)
[master 49594f1] Make IRCclient
 4 files changed, 9 insertions(+), 10 deletions(-)
[master 037bf19] Make IRCclient
 4 files changed, 7 insertions(+), 5 deletions(-)
[master 83d7a66] Make IRCclient
 4 files changed, 29 insertions(+), 10 deletions(-)
[master 6d6a84b] Make IRCclient
 4 files changed, 24 insertions(+), 14 deletions(-)
[master eb0d13f] Make IRCclient
 4 files changed, 9 insertions(+), 4 deletions(-)
[master 02680b9] Make IRCclient
 4 files changed, 7 insertions(+), 5 deletions(-)
[master 0224037] Make IRCclient
 4 files changed, 48 insertions(+), 28 deletions(-)
 rewrite IRCClient (73%)
[master 66ebd58] Make IRCclient
 4 files changed, 8 insertions(+), 5 deletions(-)
[master 1821c15] Make IRCclient
 4 files changed, 5 insertions(+), 3 deletions(-)
[master 219f70c] Make IRCclient
 4 files changed, 7 insertions(+), 4 deletions(-)
[master f4c57cc] Make IRCclient
 4 files changed, 7 insertions(+), 5 deletions(-)
[master f94fbf1] Make IRCclient
 4 files changed, 7 insertions(+), 5 deletions(-)
[master 3d7eb8b] Make IRCclient
 4 files changed, 8 insertions(+), 4 deletions(-)
[master a48c33e] Make IRCclient
 4 files changed, 22 insertions(+), 46 deletions(-)
[master bf80016] Make IRCclient
 4 files changed, 8 insertions(+), 16 deletions(-)
[master 16a6f30] Make IRCclient
 4 files changed, 9 insertions(+), 7 deletions(-)
[master 15a2e31] Make IRCclient
 4 files changed, 161 insertions(+), 155 deletions(-)
[master 3d9961b] Make IRCclient
 5 files changed, 146 insertions(+), 165 deletions(-)
 create mode 100755 .nfs0000000001c7481d00001949
[master 2151131] Make IRCclient
 5 files changed, 10 insertions(+), 4 deletions(-)
 delete mode 100755 .nfs0000000001c7481d00001949
[master bc75ac5] Make IRCclient
 4 files changed, 219 insertions(+), 150 deletions(-)
[master baafe60] Make IRCclient
 4 files changed, 109 insertions(+), 114 deletions(-)
[master d1735ab] Make IRCclient
 4 files changed, 99 insertions(+), 107 deletions(-)
[master 4533cf0] Make IRCclient
 4 files changed, 8 insertions(+), 6 deletions(-)
[master a51ea3c] Make IRCclient
 4 files changed, 7 insertions(+), 15 deletions(-)
[master 29b72bf] Make IRCclient
 4 files changed, 87 insertions(+), 85 deletions(-)
[master 353fd18] Make IRCclient
 4 files changed, 7 insertions(+), 5 deletions(-)
[master fe96785] Make IRCclient
 4 files changed, 5 insertions(+), 3 deletions(-)
 rewrite IRCClient (72%)
[master f217c88] Make IRCclient
 4 files changed, 142 insertions(+), 157 deletions(-)
 rewrite IRCClient (81%)
